<?xml version="1.0" encoding="UTF-8"?>
<testsuite xmlns:xsi="http://www.w3.org/2001/XMLSchema-instance" xsi:noNamespaceSchemaLocation="https://maven.apache.org/surefire/maven-surefire-plugin/xsd/surefire-test-report-3.0.xsd" version="3.0" name="TestSuite" time="1086.239" tests="7" errors="0" skipped="0" failures="5">
  <properties>
[...]
</properties>
  <testcase name="runScenario[&quot;Verify the end to end flow of International payments with Multiple recipients for AUD corridor&quot;, &quot;End to End International payment flow with Multiple Recipients - AUD&quot;](1)" classname="anhtester.com.runners.OpsTestRunner" time="388.862"/>
  <testcase name="runScenario[&quot;Verify the end to end flow of International payments with Multiple recipients for CAD corridor&quot;, &quot;End to End International payment flow with Multiple Recipients - CAD&quot;](2)" classname="anhtester.com.runners.OpsTestRunner" time="392.054"/>
  <testcase name="runScenario[&quot;Verify the end to end flow of International payments with Multiple recipients for CHF corridor&quot;, &quot;End to End International payment flow with Multiple Recipients - CHF&quot;](3)" classname="anhtester.com.runners.OpsTestRunner" time="76.485">
    <failure message="The condition is FALSE. expected [true] but found [false]" type="java.lang.AssertionError"><![CDATA[java.lang.AssertionError: The condition is FALSE. expected [true] but found [false]
	at org.testng.Assert.fail(Assert.java:111)
	at org.testng.Assert.failNotEquals(Assert.java:1578)
	at org.testng.Assert.assertTrue(Assert.java:57)
	at anhtester.com.keywords.WebUI.verifyTrue(WebUI.java:1033)
	at anhtester.com.hubpay.corp.pages.DashboardPage.searchAndVerifyPaymentInTransactionGrid(DashboardPage.java:219)
	at anhtester.com.hubpay.corp.stepdefinitions.DashboardPageStepDefinition.I_search_verify_payment_for_in_the_Transactions_grid(DashboardPageStepDefinition.java:170)
	at ✽.I search and verify payment for "BUSINESS" in the Transactions grid(file:///Users/kanthreddy/wip/Hubpay_QAAutomation/src/test/resources/features/InternationalPayments/InternationalPaymentFlow_MultipleRecipients_CHF.feature:48)
]]></failure>
    <system-out><![CDATA[
@intlmultiplepayments @chf @multitenor @corp
Scenario Outline: Verify the end to end flow of International payments with Multiple recipients for CHF corridor      # src/test/resources/features/InternationalPayments/InternationalPaymentFlow_MultipleRecipients_CHF.feature:162
[INFO] 05-09-2023 19:49:29 [WebDriverManager] - Using chromedriver 116.0.5845.96 (resolved driver for Chrome 116)
[INFO] 05-09-2023 19:49:29 [WebDriverManager] - Exporting webdriver.chrome.driver as /Users/kanthreddy/.cache/selenium/chromedriver/mac-arm64/116.0.5845.96/chromedriver
[INFO] 05-09-2023 19:49:30 [LogUtils] - Driver in TestContext: ChromeDriver: chrome on mac (d67bb7af892b71931d046460dc518cae)
  Given I setup test data file name for "InternationalPayments_Multiple" "CHF" "60"                                   # anhtester.com.common.CommonSteps.I_create_testdata_file_for(java.lang.String,java.lang.String,java.lang.String)
[INFO] 05-09-2023 19:49:32 [LogUtils] - Open URL: https://corporate-dev.hubpay.ae/auth/signin
[INFO] 05-09-2023 19:49:32 [LogUtils] - Verify element visible By.cssSelector: input[name='username']
[INFO] 05-09-2023 19:49:32 [LogUtils] - Set text sreekanth@hubpay.ae on By.cssSelector: input[name='username']
[INFO] 05-09-2023 19:49:32 [LogUtils] - Verify element visible By.cssSelector: input[name='password']
[INFO] 05-09-2023 19:49:32 [LogUtils] - Set text Passhub@1 on By.cssSelector: input[name='password']
[INFO] 05-09-2023 19:49:32 [LogUtils] - Click on element with JS: By.xpath: //button[text()='Next']
[INFO] 05-09-2023 19:49:35 [LogUtils] - Verify element visible By.xpath: //li[contains(.,'Sign out')]
Login successful
  Given I'm Logged in to the Corp portal                                                                              # anhtester.com.common.CommonSteps.I_enter_credentials_on_CorpSuite_Login_Page()
{COMMON={toCurrencyName=Swiss Franc, toCurrencyCode=CHF, fromCurrencyName=UAE Dirham, fromCurrencyCode=AED, toCurrencyWalletBalance=CHF 841.00, feePerPayment=AED 52.50, processingTime=1-2 business days, fromCurrencyWalletBalance=AED 451651.61, noOfPayments=2, totalReceiveAmount=CHF 70.00, totalAmount=null, totalFees=AED 105.00, totalPayable=AED 398.90, balanceDue=CHF 0.00, expectedPaymentDate=07/09/2023, paymentMethod=SWIFT, provider=CAB, createdAt=Tuesday 5 September 2023, fromCurrencyWalletBalanceAfterPaymentCompleted=null, liveRate=1 CHF = 4.19858 AED, settlementDate=07/09/2023, formatted_settlementDate=null, toCurrencyWalletBalanceAfterSettlementReceived=null, fromCurrencyWalletBalanceAfterSettlementReceived=null, totalSendAmount=AED 293.90, availableFromWalletBalance=AED 398.90, scheduledAt=05/09/2023, toCurrencyWalletBalanceAfterPaymentCompleted=CHF 841.00}, EXCHANGE={toAmount=70.00, fromAmount=AED 293.90, type=International Exchange, createdAt=Tuesday 5 September 2023, reference=AF-HB4U-8NRL, orderedAt=05/09/2023, orderSettledAt=05/09/2023, rejectedAt=-, completedAt=05/09/2023, totalFundsDue=AED 398.90, status=Ordered}, BUSINESS={recipientType=Business, toAmount=CHF 50.00, fromAmount=, recipientName=AUTO INTL CHF BUSINESS NAME, addressLineOne=AUTO INTL CHF BUSINESS ADDR ONE, addressLineTwo=AUTO INTL CHF BUSINESS ADDR TWO, city=AUTO INTL CHF BUSINESS ADDR CITY, province=AUTO INTL CHF BUSINESS PROVINCE, postalCode=01234, country=Switzerland, countryCode=CH, accountNumber=CH9300762011623852957, bicCode=CRESCHZZXXX, bankCode=null, thirdPartyReference=CHF1234TPR, documentNumber=CHFINV1234, purposeOfPayment=Travel, reference=AP-JIZP-AKQN, status=Completed, processingStatus=COMPLETED, resultStatus=PAID, scheduledAt=-, submittingAt=05/09/2023, pendingAt=05/09/2023, lastUpdatedAt=05/09/2023, completedAt=05/09/2023, declinedAt=-, declinedBy=-, declinedReason=-, providerStatusCode=200, providerStatusDescription=-, providerAmountPaid=CHF 50.00, providerFeePaid=-, providerTransactionId=-, providerDatePaid=05/09/2023, providerValueDate=-, providerPaymentValueDate=-}, INDIVIDUAL={recipientType=Individual, toAmount=CHF 20.00, fromAmount=, recipientName=AUTO INTL CHF INDIVIDUAL NAME, addressLineOne=AUTO INTL CHF INDV ADDR ONE, addressLineTwo=AUTO INTL CHF INDV ADDR TWO, city=AUTO INTL CHF INDV ADDR CITY, province=AUTO INTL CHF INDV PROVINCE, postalCode=567890, country=Switzerland, countryCode=CH, accountNumber=CH9300762011623852957, bicCode=CRESCHZZXXX, bankCode=null, thirdPartyReference=CHF-TPR-INDV-1010, documentNumber=CHF-INV-INDV-1010, purposeOfPayment=Education, reference=AP-EIY8-HDIQ, status=Completed, processingStatus=COMPLETED, resultStatus=PAID, scheduledAt=-, submittingAt=05/09/2023, pendingAt=05/09/2023, lastUpdatedAt=05/09/2023, completedAt=05/09/2023, declinedAt=-, declinedBy=-, declinedReason=-, providerStatusCode=200, providerStatusDescription=-, providerAmountPaid=CHF 20.00, providerFeePaid=-, providerTransactionId=-, providerDatePaid=05/09/2023, providerValueDate=-, providerPaymentValueDate=-}}
[INFO] 05-09-2023 19:49:38 [LogUtils] - Verify element visible By.xpath: //h1[text()='Dashboard']
[INFO] 05-09-2023 19:49:38 [LogUtils] - Verify element visible By.xpath: //h1[text()='Dashboard']
  Then I verify Dashboard page is displayed                                                                           # anhtester.com.hubpay.corp.stepdefinitions.DashboardPageStepDefinition.I_verify_dashboard_page_is_displayed()
I_note_wallet_balance_for_corridor:src/test/resources/testdata/InternationalPayments_Multiple_CHF_60.json
[INFO] 05-09-2023 19:49:40 [LogUtils] - Verify element visible By.xpath: //p[contains(text(),'AED')]
[INFO] 05-09-2023 19:49:40 [LogUtils] - Verify element visible By.xpath: //p[contains(text(),'AED')]
[INFO] 05-09-2023 19:49:40 [LogUtils] - Verify element visible By.xpath: //p[contains(text(),'CHF')]
[INFO] 05-09-2023 19:49:40 [LogUtils] - Verify element visible By.xpath: //p[contains(text(),'CHF')]
  Then I Note the wallet balance of the "AED" and "CHF" on Dashboard page                                             # anhtester.com.hubpay.corp.stepdefinitions.DashboardPageStepDefinition.I_note_wallet_balance_for_corridor(java.lang.String,java.lang.String)
[INFO] 05-09-2023 19:49:40 [LogUtils] - Verify element visible By.xpath: //a[text()='Send international']
[INFO] 05-09-2023 19:49:40 [LogUtils] - Clicked on the element By.xpath: //a[text()='Send international']
[INFO] 05-09-2023 19:49:42 [LogUtils] - Verify element visible By.xpath: //h1[text()='International payment']
  Then I navigate to International Payments page                                                                      # anhtester.com.hubpay.corp.stepdefinitions.DashboardPageStepDefinition.I_navigate_to_international_payments_page()
{COMMON={toCurrencyName=Swiss Franc, toCurrencyCode=CHF, fromCurrencyName=UAE Dirham, fromCurrencyCode=AED, toCurrencyWalletBalance=CHF 841.00, feePerPayment=AED 52.50, processingTime=1-2 business days, fromCurrencyWalletBalance=AED 450,529.96, noOfPayments=2, totalReceiveAmount=CHF 70.00, totalAmount=null, totalFees=AED 105.00, totalPayable=AED 398.90, balanceDue=CHF 0.00, expectedPaymentDate=07/09/2023, paymentMethod=SWIFT, provider=CAB, createdAt=Tuesday 5 September 2023, fromCurrencyWalletBalanceAfterPaymentCompleted=null, liveRate=1 CHF = 4.19858 AED, settlementDate=07/09/2023, formatted_settlementDate=null, toCurrencyWalletBalanceAfterSettlementReceived=null, fromCurrencyWalletBalanceAfterSettlementReceived=null, totalSendAmount=AED 293.90, availableFromWalletBalance=AED 398.90, scheduledAt=05/09/2023, toCurrencyWalletBalanceAfterPaymentCompleted=CHF 841.00}, EXCHANGE={toAmount=70.00, fromAmount=AED 293.90, type=International Exchange, createdAt=Tuesday 5 September 2023, reference=AF-HB4U-8NRL, orderedAt=05/09/2023, orderSettledAt=05/09/2023, rejectedAt=-, completedAt=05/09/2023, totalFundsDue=AED 398.90, status=Ordered}, BUSINESS={recipientType=Business, toAmount=CHF 50.00, fromAmount=, recipientName=AUTO INTL CHF BUSINESS NAME, addressLineOne=AUTO INTL CHF BUSINESS ADDR ONE, addressLineTwo=AUTO INTL CHF BUSINESS ADDR TWO, city=AUTO INTL CHF BUSINESS ADDR CITY, province=AUTO INTL CHF BUSINESS PROVINCE, postalCode=01234, country=Switzerland, countryCode=CH, accountNumber=CH9300762011623852957, bicCode=CRESCHZZXXX, bankCode=null, thirdPartyReference=CHF1234TPR, documentNumber=CHFINV1234, purposeOfPayment=Travel, reference=AP-JIZP-AKQN, status=Completed, processingStatus=COMPLETED, resultStatus=PAID, scheduledAt=-, submittingAt=05/09/2023, pendingAt=05/09/2023, lastUpdatedAt=05/09/2023, completedAt=05/09/2023, declinedAt=-, declinedBy=-, declinedReason=-, providerStatusCode=200, providerStatusDescription=-, providerAmountPaid=CHF 50.00, providerFeePaid=-, providerTransactionId=-, providerDatePaid=05/09/2023, providerValueDate=-, providerPaymentValueDate=-}, INDIVIDUAL={recipientType=Individual, toAmount=CHF 20.00, fromAmount=, recipientName=AUTO INTL CHF INDIVIDUAL NAME, addressLineOne=AUTO INTL CHF INDV ADDR ONE, addressLineTwo=AUTO INTL CHF INDV ADDR TWO, city=AUTO INTL CHF INDV ADDR CITY, province=AUTO INTL CHF INDV PROVINCE, postalCode=567890, country=Switzerland, countryCode=CH, accountNumber=CH9300762011623852957, bicCode=CRESCHZZXXX, bankCode=null, thirdPartyReference=CHF-TPR-INDV-1010, documentNumber=CHF-INV-INDV-1010, purposeOfPayment=Education, reference=AP-EIY8-HDIQ, status=Completed, processingStatus=COMPLETED, resultStatus=PAID, scheduledAt=-, submittingAt=05/09/2023, pendingAt=05/09/2023, lastUpdatedAt=05/09/2023, completedAt=05/09/2023, declinedAt=-, declinedBy=-, declinedReason=-, providerStatusCode=200, providerStatusDescription=-, providerAmountPaid=CHF 20.00, providerFeePaid=-, providerTransactionId=-, providerDatePaid=05/09/2023, providerValueDate=-, providerPaymentValueDate=-}}
[INFO] 05-09-2023 19:49:42 [LogUtils] - Verify element visible By.xpath: //h1[text()='Currency']
[INFO] 05-09-2023 19:49:42 [LogUtils] - Verify element visible By.xpath: //p[text()='Select the currency you are sending from and the currency your recipient gets']
[INFO] 05-09-2023 19:49:42 [LogUtils] - Verify element visible By.xpath: //span[text()='Select wallet']/parent::button
  Then I verify default details on International payments page                                                        # anhtester.com.hubpay.corp.stepdefinitions.PaymentsPageStepDefinition.I_verify_defaultdetails_international_payments_page()
[INFO] 05-09-2023 19:49:52 [LogUtils] - Verify element visible By.xpath: //span[text()='Select wallet']/parent::button
[INFO] 05-09-2023 19:49:52 [LogUtils] - Clicked on the element By.xpath: //span[text()='Select wallet']/parent::button
Tag name - div
value - null
innerText -CHF
  When I select "CHF" corridor on International Payments page                                                         # anhtester.com.hubpay.corp.stepdefinitions.PaymentsPageStepDefinition.I_select_corridor_on_international_payments_page(java.lang.String)
{COMMON={toCurrencyName=Swiss Franc, toCurrencyCode=CHF, fromCurrencyName=UAE Dirham, fromCurrencyCode=AED, toCurrencyWalletBalance=CHF 841.00, feePerPayment=AED 52.50, processingTime=1-2 business days, fromCurrencyWalletBalance=AED 450,529.96, noOfPayments=2, totalReceiveAmount=CHF 70.00, totalAmount=null, totalFees=AED 105.00, totalPayable=AED 398.90, balanceDue=CHF 0.00, expectedPaymentDate=07/09/2023, paymentMethod=SWIFT, provider=CAB, createdAt=Tuesday 5 September 2023, fromCurrencyWalletBalanceAfterPaymentCompleted=null, liveRate=1 CHF = 4.19858 AED, settlementDate=07/09/2023, formatted_settlementDate=null, toCurrencyWalletBalanceAfterSettlementReceived=null, fromCurrencyWalletBalanceAfterSettlementReceived=null, totalSendAmount=AED 293.90, availableFromWalletBalance=AED 398.90, scheduledAt=05/09/2023, toCurrencyWalletBalanceAfterPaymentCompleted=CHF 841.00}, EXCHANGE={toAmount=70.00, fromAmount=AED 293.90, type=International Exchange, createdAt=Tuesday 5 September 2023, reference=AF-HB4U-8NRL, orderedAt=05/09/2023, orderSettledAt=05/09/2023, rejectedAt=-, completedAt=05/09/2023, totalFundsDue=AED 398.90, status=Ordered}, BUSINESS={recipientType=Business, toAmount=CHF 50.00, fromAmount=, recipientName=AUTO INTL CHF BUSINESS NAME, addressLineOne=AUTO INTL CHF BUSINESS ADDR ONE, addressLineTwo=AUTO INTL CHF BUSINESS ADDR TWO, city=AUTO INTL CHF BUSINESS ADDR CITY, province=AUTO INTL CHF BUSINESS PROVINCE, postalCode=01234, country=Switzerland, countryCode=CH, accountNumber=CH9300762011623852957, bicCode=CRESCHZZXXX, bankCode=null, thirdPartyReference=CHF1234TPR, documentNumber=CHFINV1234, purposeOfPayment=Travel, reference=AP-JIZP-AKQN, status=Completed, processingStatus=COMPLETED, resultStatus=PAID, scheduledAt=-, submittingAt=05/09/2023, pendingAt=05/09/2023, lastUpdatedAt=05/09/2023, completedAt=05/09/2023, declinedAt=-, declinedBy=-, declinedReason=-, providerStatusCode=200, providerStatusDescription=-, providerAmountPaid=CHF 50.00, providerFeePaid=-, providerTransactionId=-, providerDatePaid=05/09/2023, providerValueDate=-, providerPaymentValueDate=-}, INDIVIDUAL={recipientType=Individual, toAmount=CHF 20.00, fromAmount=, recipientName=AUTO INTL CHF INDIVIDUAL NAME, addressLineOne=AUTO INTL CHF INDV ADDR ONE, addressLineTwo=AUTO INTL CHF INDV ADDR TWO, city=AUTO INTL CHF INDV ADDR CITY, province=AUTO INTL CHF INDV PROVINCE, postalCode=567890, country=Switzerland, countryCode=CH, accountNumber=CH9300762011623852957, bicCode=CRESCHZZXXX, bankCode=null, thirdPartyReference=CHF-TPR-INDV-1010, documentNumber=CHF-INV-INDV-1010, purposeOfPayment=Education, reference=AP-EIY8-HDIQ, status=Completed, processingStatus=COMPLETED, resultStatus=PAID, scheduledAt=-, submittingAt=05/09/2023, pendingAt=05/09/2023, lastUpdatedAt=05/09/2023, completedAt=05/09/2023, declinedAt=-, declinedBy=-, declinedReason=-, providerStatusCode=200, providerStatusDescription=-, providerAmountPaid=CHF 20.00, providerFeePaid=-, providerTransactionId=-, providerDatePaid=05/09/2023, providerValueDate=-, providerPaymentValueDate=-}}
[INFO] 05-09-2023 19:49:54 [LogUtils] - Verify element visible By.xpath: //div[contains(text(),'Settlement date')]/preceding-sibling::div//select
  When I select "2 business days" tenor on Exchange page                                                              # anhtester.com.hubpay.corp.stepdefinitions.ExchangePageStepDefinition.I_select_tenor_for_currency_on_exchange_page(java.lang.String)
[INFO] 05-09-2023 19:49:55 [LogUtils] - Verify element visible By.xpath: //div[text()='Live rate']/preceding-sibling::div//div
[INFO] 05-09-2023 19:49:55 [LogUtils] - Verify element visible By.xpath: //div[text()='Live rate']/preceding-sibling::div//div
[INFO] 05-09-2023 19:49:55 [LogUtils] - Verify element visible By.xpath: //div[text()='Live rate']/preceding-sibling::div//div
[INFO] 05-09-2023 19:49:55 [LogUtils] - Verify element visible By.xpath: //div[text()='Live rate']/preceding-sibling::div//div
[INFO] 05-09-2023 19:49:55 [LogUtils] - Verify element visible By.xpath: //div[text()='Live rate']/preceding-sibling::div//div
[INFO] 05-09-2023 19:49:55 [LogUtils] - Verify text of an element [Contains]: true
[INFO] 05-09-2023 19:49:55 [LogUtils] - Verify element visible By.xpath: //div[text()='Live rate']/preceding-sibling::div//div
[INFO] 05-09-2023 19:49:55 [LogUtils] - Verify element visible By.xpath: //div[text()='Live rate']/preceding-sibling::div//div
  Then I verify Live rate is displayed for "CHF" corridor                                                             # anhtester.com.hubpay.corp.stepdefinitions.ExchangePageStepDefinition.I_verify_live_rate_is_displayed_exchange_page(java.lang.String)
[INFO] 05-09-2023 19:49:55 [LogUtils] - Verify element visible By.xpath: //div[text()='Processing time']/preceding-sibling::div
[INFO] 05-09-2023 19:49:55 [LogUtils] - Verify element visible By.xpath: //div[text()='Processing time']/preceding-sibling::div
[INFO] 05-09-2023 19:49:55 [LogUtils] - Verify element visible By.xpath: //div[text()='Processing time']/preceding-sibling::div
[INFO] 05-09-2023 19:49:55 [LogUtils] - Verify text of an element [Equals]: true
[INFO] 05-09-2023 19:49:55 [LogUtils] - Verify element visible By.xpath: //div[text()='Processing time']/preceding-sibling::div
[INFO] 05-09-2023 19:49:55 [LogUtils] - Verify element visible By.xpath: //div[text()='Processing time']/preceding-sibling::div
[INFO] 05-09-2023 19:49:55 [LogUtils] - Verify element visible By.xpath: //div[text()='Processing time']/preceding-sibling::div
[INFO] 05-09-2023 19:49:56 [LogUtils] - Verify element visible By.xpath: //div[text()='Processing time']/preceding-sibling::div
[INFO] 05-09-2023 19:49:56 [LogUtils] - Verify element visible By.xpath: //div[text()='Processing time']/preceding-sibling::div
[INFO] 05-09-2023 19:49:56 [LogUtils] - Verify element visible By.xpath: //div[text()='Processing time']/preceding-sibling::div
[INFO] 05-09-2023 19:49:56 [LogUtils] - Verify element visible By.xpath: //div[text()='Live rate']/preceding-sibling::div//div
[INFO] 05-09-2023 19:49:56 [LogUtils] - Verify element visible By.xpath: //div[text()='Live rate']/preceding-sibling::div//div
[INFO] 05-09-2023 19:49:56 [LogUtils] - Verify element visible By.xpath: //div[contains(text(),'Settlement date')]/span
[INFO] 05-09-2023 19:49:56 [LogUtils] - Verify element visible By.xpath: //div[contains(text(),'Settlement date')]/span
  Then I verify "1-2 business days" for the "CHF" Payments                                                            # anhtester.com.hubpay.corp.stepdefinitions.PaymentsPageStepDefinition.I_verify_processingtime_for_the_payments(java.lang.String,java.lang.String)
[INFO] 05-09-2023 19:49:56 [LogUtils] - Click on element with JS: By.xpath: //button[contains(.,'Next')][contains(@class,'text-primary-foreground')]
[INFO] 05-09-2023 19:49:56 [LogUtils] - Verify element visible By.xpath: //h1[text()='Add the recipients & the amounts you wish to send']
  When I click "Next" button on "Payments" page                                                                       # anhtester.com.hubpay.corp.stepdefinitions.ExchangePageStepDefinition.I_click_button_on_exchange_page(java.lang.String,java.lang.String)
[INFO] 05-09-2023 19:49:56 [LogUtils] - Verify element visible By.xpath: //button[contains(.,'Add individual or business')][contains(@class,'ring-offset-background bg-violet')]
[INFO] 05-09-2023 19:49:56 [LogUtils] - Verify element visible By.xpath: //button[contains(.,'Add individual or business')][contains(@class,'ring-offset-background bg-violet')]
[INFO] 05-09-2023 19:49:57 [LogUtils] - Clicked on the element By.xpath: //button[contains(.,'Add individual or business')][contains(@class,'ring-offset-background bg-violet')]
  When I click "Add individual or business" button on "Payments" page                                                 # anhtester.com.hubpay.corp.stepdefinitions.ExchangePageStepDefinition.I_click_button_on_exchange_page(java.lang.String,java.lang.String)
[INFO] 05-09-2023 19:49:57 [LogUtils] - Verify element visible By.xpath: //div[.='Add new recipient']/parent::div[@role='dialog']
[INFO] 05-09-2023 19:49:57 [LogUtils] - Verify element visible By.xpath: //div[.='Add new recipient']/parent::div[@role='dialog']
  Then I verify Add a new recipient form is displayed                                                                 # anhtester.com.hubpay.corp.stepdefinitions.PaymentsPageStepDefinition.I_verify_add_new_recipient_form_displayed()
[INFO] 05-09-2023 19:49:57 [LogUtils] - Verify element visible By.xpath: //button[text()='Business'][@type='button']
[INFO] 05-09-2023 19:49:57 [LogUtils] - Clicked on the element By.xpath: //button[text()='Business'][@type='button']
[INFO] 05-09-2023 19:49:57 [LogUtils] - Verify element visible By.xpath: //button[text()='Business'][@type='button']
  When I choose "BUSINESS" on Add a new recipient form                                                                # anhtester.com.hubpay.corp.stepdefinitions.PaymentsPageStepDefinition.I_choose_on_Add_new_recipient_form(java.lang.String)
{COMMON={toCurrencyName=Swiss Franc, toCurrencyCode=CHF, fromCurrencyName=UAE Dirham, fromCurrencyCode=AED, toCurrencyWalletBalance=CHF 841.00, feePerPayment=AED 52.50, processingTime=1-2 business days, fromCurrencyWalletBalance=AED 450,529.96, noOfPayments=2, totalReceiveAmount=CHF 70.00, totalAmount=null, totalFees=AED 105.00, totalPayable=AED 398.90, balanceDue=CHF 0.00, expectedPaymentDate=07/09/2023, paymentMethod=SWIFT, provider=CAB, createdAt=Tuesday 5 September 2023, fromCurrencyWalletBalanceAfterPaymentCompleted=null, liveRate=1 CHF = 4.19512 AED, settlementDate=07/09/2023, formatted_settlementDate=null, toCurrencyWalletBalanceAfterSettlementReceived=null, fromCurrencyWalletBalanceAfterSettlementReceived=null, totalSendAmount=AED 293.90, availableFromWalletBalance=AED 398.90, scheduledAt=05/09/2023, toCurrencyWalletBalanceAfterPaymentCompleted=CHF 841.00}, EXCHANGE={toAmount=70.00, fromAmount=AED 293.90, type=International Exchange, createdAt=Tuesday 5 September 2023, reference=AF-HB4U-8NRL, orderedAt=05/09/2023, orderSettledAt=05/09/2023, rejectedAt=-, completedAt=05/09/2023, totalFundsDue=AED 398.90, status=Ordered}, BUSINESS={recipientType=Business, toAmount=CHF 50.00, fromAmount=, recipientName=AUTO INTL CHF BUSINESS NAME, addressLineOne=AUTO INTL CHF BUSINESS ADDR ONE, addressLineTwo=AUTO INTL CHF BUSINESS ADDR TWO, city=AUTO INTL CHF BUSINESS ADDR CITY, province=AUTO INTL CHF BUSINESS PROVINCE, postalCode=01234, country=Switzerland, countryCode=CH, accountNumber=CH9300762011623852957, bicCode=CRESCHZZXXX, bankCode=null, thirdPartyReference=CHF1234TPR, documentNumber=CHFINV1234, purposeOfPayment=Travel, reference=AP-JIZP-AKQN, status=Completed, processingStatus=COMPLETED, resultStatus=PAID, scheduledAt=-, submittingAt=05/09/2023, pendingAt=05/09/2023, lastUpdatedAt=05/09/2023, completedAt=05/09/2023, declinedAt=-, declinedBy=-, declinedReason=-, providerStatusCode=200, providerStatusDescription=-, providerAmountPaid=CHF 50.00, providerFeePaid=-, providerTransactionId=-, providerDatePaid=05/09/2023, providerValueDate=-, providerPaymentValueDate=-}, INDIVIDUAL={recipientType=Individual, toAmount=CHF 20.00, fromAmount=, recipientName=AUTO INTL CHF INDIVIDUAL NAME, addressLineOne=AUTO INTL CHF INDV ADDR ONE, addressLineTwo=AUTO INTL CHF INDV ADDR TWO, city=AUTO INTL CHF INDV ADDR CITY, province=AUTO INTL CHF INDV PROVINCE, postalCode=567890, country=Switzerland, countryCode=CH, accountNumber=CH9300762011623852957, bicCode=CRESCHZZXXX, bankCode=null, thirdPartyReference=CHF-TPR-INDV-1010, documentNumber=CHF-INV-INDV-1010, purposeOfPayment=Education, reference=AP-EIY8-HDIQ, status=Completed, processingStatus=COMPLETED, resultStatus=PAID, scheduledAt=-, submittingAt=05/09/2023, pendingAt=05/09/2023, lastUpdatedAt=05/09/2023, completedAt=05/09/2023, declinedAt=-, declinedBy=-, declinedReason=-, providerStatusCode=200, providerStatusDescription=-, providerAmountPaid=CHF 20.00, providerFeePaid=-, providerTransactionId=-, providerDatePaid=05/09/2023, providerValueDate=-, providerPaymentValueDate=-}}
[INFO] 05-09-2023 19:49:57 [LogUtils] - Verify element visible By.xpath: //label[text()='Enter payment amount']/preceding-sibling::input
[INFO] 05-09-2023 19:49:57 [LogUtils] - Set text 50.00 on By.xpath: //label[text()='Enter payment amount']/preceding-sibling::input
[INFO] 05-09-2023 19:49:57 [LogUtils] - Verify element visible By.xpath: //label[text()='Full Registered business name']/preceding-sibling::input
[INFO] 05-09-2023 19:49:57 [LogUtils] - Set text AUTO INTL CHF BUSINESS NAME on By.xpath: //label[text()='Full Registered business name']/preceding-sibling::input
[INFO] 05-09-2023 19:49:57 [LogUtils] - Verify element visible By.xpath: //label[text()='First line of address']/preceding-sibling::input
[INFO] 05-09-2023 19:49:57 [LogUtils] - Set text AUTO INTL CHF BUSINESS ADDR ONE on By.xpath: //label[text()='First line of address']/preceding-sibling::input
[INFO] 05-09-2023 19:49:57 [LogUtils] - Verify element visible By.xpath: //label[text()='Second line of address']/preceding-sibling::input
[INFO] 05-09-2023 19:49:57 [LogUtils] - Set text AUTO INTL CHF BUSINESS ADDR TWO on By.xpath: //label[text()='Second line of address']/preceding-sibling::input
[INFO] 05-09-2023 19:49:57 [LogUtils] - Verify element visible By.xpath: //button[text()='Country']
[INFO] 05-09-2023 19:49:57 [LogUtils] - Clicked on the element By.xpath: //button[text()='Country']
[INFO] 05-09-2023 19:49:57 [LogUtils] - Verify element visible By.xpath: //button[text()='Country']/following-sibling::div//input
[INFO] 05-09-2023 19:49:57 [LogUtils] - Set text Switzerland on By.xpath: //button[text()='Country']/following-sibling::div//input
[INFO] 05-09-2023 19:49:57 [LogUtils] - Verify element visible By.xpath: //span[text()='Switzerland']
[INFO] 05-09-2023 19:49:58 [LogUtils] - Clicked on the element By.xpath: //span[text()='Switzerland']
[INFO] 05-09-2023 19:49:58 [LogUtils] - Verify element visible By.xpath: //label[text()='Province']/preceding-sibling::input
[INFO] 05-09-2023 19:49:58 [LogUtils] - Set text AUTO INTL CHF BUSINESS PROVINCE on By.xpath: //label[text()='Province']/preceding-sibling::input
[INFO] 05-09-2023 19:49:58 [LogUtils] - Verify element visible By.xpath: //label[text()='City']/preceding-sibling::input
[INFO] 05-09-2023 19:49:58 [LogUtils] - Set text AUTO INTL CHF BUSINESS ADDR CITY on By.xpath: //label[text()='City']/preceding-sibling::input
[INFO] 05-09-2023 19:49:58 [LogUtils] - Verify element visible By.xpath: //label[text()='Postal/Zip code']/preceding-sibling::input
[INFO] 05-09-2023 19:49:58 [LogUtils] - Set text 01234 on By.xpath: //label[text()='Postal/Zip code']/preceding-sibling::input
[INFO] 05-09-2023 19:49:58 [LogUtils] - Verify element visible By.xpath: //label[text()='SWIFT/BIC code']/preceding-sibling::input
[INFO] 05-09-2023 19:49:58 [LogUtils] - Set text CRESCHZZXXX on By.xpath: //label[text()='SWIFT/BIC code']/preceding-sibling::input
[INFO] 05-09-2023 19:49:58 [LogUtils] - Verify element visible By.xpath: //label[text()='Invoice/Document ID']/preceding-sibling::input
[INFO] 05-09-2023 19:49:58 [LogUtils] - Set text CHFINV1234 on By.xpath: //label[text()='Invoice/Document ID']/preceding-sibling::input
[INFO] 05-09-2023 19:49:58 [LogUtils] - Verify element visible By.xpath: //label[text()='Third party reference']/preceding-sibling::input
[INFO] 05-09-2023 19:49:58 [LogUtils] - Set text CHF1234TPR on By.xpath: //label[text()='Third party reference']/preceding-sibling::input
[INFO] 05-09-2023 19:49:58 [LogUtils] - Verify element visible By.xpath: //button[text()='Purpose of payment']
[INFO] 05-09-2023 19:49:58 [LogUtils] - Clicked on the element By.xpath: //button[text()='Purpose of payment']
[INFO] 05-09-2023 19:49:59 [LogUtils] - Verify element visible By.xpath: //button[text()='Purpose of payment']/following-sibling::div//input
[INFO] 05-09-2023 19:49:59 [LogUtils] - Set text Travel on By.xpath: //button[text()='Purpose of payment']/following-sibling::div//input
[INFO] 05-09-2023 19:49:59 [LogUtils] - Verify element visible By.xpath: //span[text()='Travel']
[INFO] 05-09-2023 19:49:59 [LogUtils] - Clicked on the element By.xpath: //span[text()='Travel']
[INFO] 05-09-2023 19:49:59 [LogUtils] - Verify element visible By.xpath: //label[text()='IBAN']/preceding-sibling::input
[INFO] 05-09-2023 19:49:59 [LogUtils] - Set text CH9300762011623852957 on By.xpath: //label[text()='IBAN']/preceding-sibling::input
  When I enter "BUSINESS" details for "BUSINESS" recipient on Add a new recipient form                                # anhtester.com.hubpay.corp.stepdefinitions.PaymentsPageStepDefinition.I_enter_details_for_recipent_on_Add_new_recipient_form(java.lang.String,java.lang.String)
[INFO] 05-09-2023 19:49:59 [LogUtils] - Scroll to element By.xpath: //button[text()='Next']
[INFO] 05-09-2023 19:49:59 [LogUtils] - Click on element with JS: By.xpath: //button[text()='Next']
[INFO] 05-09-2023 19:49:59 [LogUtils] - Verify element visible By.xpath: //h1[text()='Add the recipients & the amounts you wish to send']
  When I save recipient details entered on Add a new recipient form                                                   # anhtester.com.hubpay.corp.stepdefinitions.PaymentsPageStepDefinition.I_save_recipient_details_entered_Add_new_recipient_form()
[INFO] 05-09-2023 19:50:00 [LogUtils] - Verify element visible By.xpath: //*[text()='Recipient added']
[INFO] 05-09-2023 19:50:00 [LogUtils] - Verify element visible By.xpath: //*[text()='Recipient added']
  Then I verify "Recipient added" toast message is displayed                                                          # anhtester.com.hubpay.corp.stepdefinitions.PaymentsPageStepDefinition.I_verify_toast_message_is_displayed(java.lang.String)
[INFO] 05-09-2023 19:50:05 [LogUtils] - Verify element visible By.xpath: //table//tr[@class='border-b']
[INFO] 05-09-2023 19:50:05 [LogUtils] - Verify TRUE: true
[INFO] 05-09-2023 19:50:05 [LogUtils] - Verify TRUE: true
[INFO] 05-09-2023 19:50:05 [LogUtils] - Verify TRUE: true
[INFO] 05-09-2023 19:50:05 [LogUtils] - Verify TRUE: true
  Then I verify "BUSINESS" details in row "1" in Recipients grid on Payments & Recipients step                        # anhtester.com.hubpay.corp.stepdefinitions.PaymentsPageStepDefinition.I_verify_details_in_row_in_recipientsgrid_on_paymentsrecipients_step(java.lang.String,java.lang.String)
[INFO] 05-09-2023 19:50:05 [LogUtils] - Verify element visible By.xpath: //button[contains(.,'Add individual or business')][contains(@class,'ring-offset-background bg-violet')]
[INFO] 05-09-2023 19:50:05 [LogUtils] - Verify element visible By.xpath: //button[contains(.,'Add individual or business')][contains(@class,'ring-offset-background bg-violet')]
[INFO] 05-09-2023 19:50:05 [LogUtils] - Clicked on the element By.xpath: //button[contains(.,'Add individual or business')][contains(@class,'ring-offset-background bg-violet')]
  When I click "Add individual or business" button on "Payments" page                                                 # anhtester.com.hubpay.corp.stepdefinitions.ExchangePageStepDefinition.I_click_button_on_exchange_page(java.lang.String,java.lang.String)
[INFO] 05-09-2023 19:50:05 [LogUtils] - Verify element visible By.xpath: //button[text()='Individual'][@type='button']
[INFO] 05-09-2023 19:50:05 [LogUtils] - Clicked on the element By.xpath: //button[text()='Individual'][@type='button']
[INFO] 05-09-2023 19:50:05 [LogUtils] - Verify element visible By.xpath: //button[text()='Individual'][@type='button']
  When I choose "INDIVIDUAL" on Add a new recipient form                                                              # anhtester.com.hubpay.corp.stepdefinitions.PaymentsPageStepDefinition.I_choose_on_Add_new_recipient_form(java.lang.String)
{COMMON={toCurrencyName=Swiss Franc, toCurrencyCode=CHF, fromCurrencyName=UAE Dirham, fromCurrencyCode=AED, toCurrencyWalletBalance=CHF 841.00, feePerPayment=AED 52.50, processingTime=1-2 business days, fromCurrencyWalletBalance=AED 450,529.96, noOfPayments=2, totalReceiveAmount=CHF 70.00, totalAmount=null, totalFees=AED 105.00, totalPayable=AED 398.90, balanceDue=CHF 0.00, expectedPaymentDate=07/09/2023, paymentMethod=SWIFT, provider=CAB, createdAt=Tuesday 5 September 2023, fromCurrencyWalletBalanceAfterPaymentCompleted=null, liveRate=1 CHF = 4.19512 AED, settlementDate=07/09/2023, formatted_settlementDate=null, toCurrencyWalletBalanceAfterSettlementReceived=null, fromCurrencyWalletBalanceAfterSettlementReceived=null, totalSendAmount=AED 293.90, availableFromWalletBalance=AED 398.90, scheduledAt=05/09/2023, toCurrencyWalletBalanceAfterPaymentCompleted=CHF 841.00}, EXCHANGE={toAmount=70.00, fromAmount=AED 293.90, type=International Exchange, createdAt=Tuesday 5 September 2023, reference=AF-HB4U-8NRL, orderedAt=05/09/2023, orderSettledAt=05/09/2023, rejectedAt=-, completedAt=05/09/2023, totalFundsDue=AED 398.90, status=Ordered}, BUSINESS={recipientType=Business, toAmount=CHF 50.00, fromAmount=, recipientName=AUTO INTL CHF BUSINESS NAME, addressLineOne=AUTO INTL CHF BUSINESS ADDR ONE, addressLineTwo=AUTO INTL CHF BUSINESS ADDR TWO, city=AUTO INTL CHF BUSINESS ADDR CITY, province=AUTO INTL CHF BUSINESS PROVINCE, postalCode=01234, country=Switzerland, countryCode=CH, accountNumber=CH9300762011623852957, bicCode=CRESCHZZXXX, bankCode=null, thirdPartyReference=CHF1234TPR, documentNumber=CHFINV1234, purposeOfPayment=Travel, reference=AP-JIZP-AKQN, status=Completed, processingStatus=COMPLETED, resultStatus=PAID, scheduledAt=-, submittingAt=05/09/2023, pendingAt=05/09/2023, lastUpdatedAt=05/09/2023, completedAt=05/09/2023, declinedAt=-, declinedBy=-, declinedReason=-, providerStatusCode=200, providerStatusDescription=-, providerAmountPaid=CHF 50.00, providerFeePaid=-, providerTransactionId=-, providerDatePaid=05/09/2023, providerValueDate=-, providerPaymentValueDate=-}, INDIVIDUAL={recipientType=Individual, toAmount=CHF 20.00, fromAmount=, recipientName=AUTO INTL CHF INDIVIDUAL NAME, addressLineOne=AUTO INTL CHF INDV ADDR ONE, addressLineTwo=AUTO INTL CHF INDV ADDR TWO, city=AUTO INTL CHF INDV ADDR CITY, province=AUTO INTL CHF INDV PROVINCE, postalCode=567890, country=Switzerland, countryCode=CH, accountNumber=CH9300762011623852957, bicCode=CRESCHZZXXX, bankCode=null, thirdPartyReference=CHF-TPR-INDV-1010, documentNumber=CHF-INV-INDV-1010, purposeOfPayment=Education, reference=AP-EIY8-HDIQ, status=Completed, processingStatus=COMPLETED, resultStatus=PAID, scheduledAt=-, submittingAt=05/09/2023, pendingAt=05/09/2023, lastUpdatedAt=05/09/2023, completedAt=05/09/2023, declinedAt=-, declinedBy=-, declinedReason=-, providerStatusCode=200, providerStatusDescription=-, providerAmountPaid=CHF 20.00, providerFeePaid=-, providerTransactionId=-, providerDatePaid=05/09/2023, providerValueDate=-, providerPaymentValueDate=-}}
[INFO] 05-09-2023 19:50:05 [LogUtils] - Verify element visible By.xpath: //label[text()='Enter payment amount']/preceding-sibling::input
[INFO] 05-09-2023 19:50:05 [LogUtils] - Set text 20.00 on By.xpath: //label[text()='Enter payment amount']/preceding-sibling::input
[INFO] 05-09-2023 19:50:05 [LogUtils] - Verify element visible By.xpath: //label[text()='Full legal name']/preceding-sibling::input
[INFO] 05-09-2023 19:50:05 [LogUtils] - Set text AUTO INTL CHF INDIVIDUAL NAME on By.xpath: //label[text()='Full legal name']/preceding-sibling::input
[INFO] 05-09-2023 19:50:05 [LogUtils] - Verify element visible By.xpath: //label[text()='First line of address']/preceding-sibling::input
[INFO] 05-09-2023 19:50:05 [LogUtils] - Set text AUTO INTL CHF INDV ADDR ONE on By.xpath: //label[text()='First line of address']/preceding-sibling::input
[INFO] 05-09-2023 19:50:05 [LogUtils] - Verify element visible By.xpath: //label[text()='Second line of address']/preceding-sibling::input
[INFO] 05-09-2023 19:50:05 [LogUtils] - Set text AUTO INTL CHF INDV ADDR TWO on By.xpath: //label[text()='Second line of address']/preceding-sibling::input
[INFO] 05-09-2023 19:50:05 [LogUtils] - Verify element visible By.xpath: //button[text()='Country']
[INFO] 05-09-2023 19:50:05 [LogUtils] - Clicked on the element By.xpath: //button[text()='Country']
[INFO] 05-09-2023 19:50:06 [LogUtils] - Verify element visible By.xpath: //button[text()='Country']/following-sibling::div//input
[INFO] 05-09-2023 19:50:06 [LogUtils] - Set text Switzerland on By.xpath: //button[text()='Country']/following-sibling::div//input
[INFO] 05-09-2023 19:50:06 [LogUtils] - Verify element visible By.xpath: //span[text()='Switzerland']
[INFO] 05-09-2023 19:50:06 [LogUtils] - Clicked on the element By.xpath: //span[text()='Switzerland']
[INFO] 05-09-2023 19:50:06 [LogUtils] - Verify element visible By.xpath: //label[text()='Province']/preceding-sibling::input
[INFO] 05-09-2023 19:50:06 [LogUtils] - Set text AUTO INTL CHF INDV PROVINCE on By.xpath: //label[text()='Province']/preceding-sibling::input
[INFO] 05-09-2023 19:50:06 [LogUtils] - Verify element visible By.xpath: //label[text()='City']/preceding-sibling::input
[INFO] 05-09-2023 19:50:06 [LogUtils] - Set text AUTO INTL CHF INDV ADDR CITY on By.xpath: //label[text()='City']/preceding-sibling::input
[INFO] 05-09-2023 19:50:06 [LogUtils] - Verify element visible By.xpath: //label[text()='Postal/Zip code']/preceding-sibling::input
[INFO] 05-09-2023 19:50:06 [LogUtils] - Set text 567890 on By.xpath: //label[text()='Postal/Zip code']/preceding-sibling::input
[INFO] 05-09-2023 19:50:06 [LogUtils] - Verify element visible By.xpath: //label[text()='SWIFT/BIC code']/preceding-sibling::input
[INFO] 05-09-2023 19:50:06 [LogUtils] - Set text CRESCHZZXXX on By.xpath: //label[text()='SWIFT/BIC code']/preceding-sibling::input
[INFO] 05-09-2023 19:50:06 [LogUtils] - Verify element visible By.xpath: //label[text()='Invoice/Document ID']/preceding-sibling::input
[INFO] 05-09-2023 19:50:06 [LogUtils] - Set text CHF-INV-INDV-1010 on By.xpath: //label[text()='Invoice/Document ID']/preceding-sibling::input
[INFO] 05-09-2023 19:50:06 [LogUtils] - Verify element visible By.xpath: //label[text()='Third party reference']/preceding-sibling::input
[INFO] 05-09-2023 19:50:06 [LogUtils] - Set text CHF-TPR-INDV-1010 on By.xpath: //label[text()='Third party reference']/preceding-sibling::input
[INFO] 05-09-2023 19:50:06 [LogUtils] - Verify element visible By.xpath: //button[text()='Purpose of payment']
[INFO] 05-09-2023 19:50:06 [LogUtils] - Clicked on the element By.xpath: //button[text()='Purpose of payment']
[INFO] 05-09-2023 19:50:07 [LogUtils] - Verify element visible By.xpath: //button[text()='Purpose of payment']/following-sibling::div//input
[INFO] 05-09-2023 19:50:07 [LogUtils] - Set text Education on By.xpath: //button[text()='Purpose of payment']/following-sibling::div//input
[INFO] 05-09-2023 19:50:07 [LogUtils] - Verify element visible By.xpath: //span[text()='Education']
[INFO] 05-09-2023 19:50:07 [LogUtils] - Clicked on the element By.xpath: //span[text()='Education']
[INFO] 05-09-2023 19:50:07 [LogUtils] - Verify element visible By.xpath: //label[text()='IBAN']/preceding-sibling::input
[INFO] 05-09-2023 19:50:07 [LogUtils] - Set text CH9300762011623852957 on By.xpath: //label[text()='IBAN']/preceding-sibling::input
  When I enter "INDIVIDUAL" details for "INDIVIDUAL" recipient on Add a new recipient form                            # anhtester.com.hubpay.corp.stepdefinitions.PaymentsPageStepDefinition.I_enter_details_for_recipent_on_Add_new_recipient_form(java.lang.String,java.lang.String)
[INFO] 05-09-2023 19:50:07 [LogUtils] - Scroll to element By.xpath: //button[text()='Next']
[INFO] 05-09-2023 19:50:07 [LogUtils] - Click on element with JS: By.xpath: //button[text()='Next']
[INFO] 05-09-2023 19:50:07 [LogUtils] - Verify element visible By.xpath: //h1[text()='Add the recipients & the amounts you wish to send']
  When I save recipient details entered on Add a new recipient form                                                   # anhtester.com.hubpay.corp.stepdefinitions.PaymentsPageStepDefinition.I_save_recipient_details_entered_Add_new_recipient_form()
[INFO] 05-09-2023 19:50:08 [LogUtils] - Verify element visible By.xpath: //*[text()='Recipient added']
[INFO] 05-09-2023 19:50:08 [LogUtils] - Verify element visible By.xpath: //*[text()='Recipient added']
  Then I verify "Recipient added" toast message is displayed                                                          # anhtester.com.hubpay.corp.stepdefinitions.PaymentsPageStepDefinition.I_verify_toast_message_is_displayed(java.lang.String)
[INFO] 05-09-2023 19:50:13 [LogUtils] - Verify element visible By.xpath: //table//tr[@class='border-b']
[INFO] 05-09-2023 19:50:13 [LogUtils] - Verify TRUE: true
[INFO] 05-09-2023 19:50:13 [LogUtils] - Verify TRUE: true
[INFO] 05-09-2023 19:50:13 [LogUtils] - Verify TRUE: true
[INFO] 05-09-2023 19:50:13 [LogUtils] - Verify TRUE: true
  Then I verify "INDIVIDUAL" details in row "2" in Recipients grid on Payments & Recipients step                      # anhtester.com.hubpay.corp.stepdefinitions.PaymentsPageStepDefinition.I_verify_details_in_row_in_recipientsgrid_on_paymentsrecipients_step(java.lang.String,java.lang.String)
{COMMON={toCurrencyName=Swiss Franc, toCurrencyCode=CHF, fromCurrencyName=UAE Dirham, fromCurrencyCode=AED, toCurrencyWalletBalance=CHF 841.00, feePerPayment=AED 52.50, processingTime=1-2 business days, fromCurrencyWalletBalance=AED 450,529.96, noOfPayments=2, totalReceiveAmount=CHF 70.00, totalAmount=null, totalFees=AED 105.00, totalPayable=AED 398.90, balanceDue=CHF 0.00, expectedPaymentDate=07/09/2023, paymentMethod=SWIFT, provider=CAB, createdAt=Tuesday 5 September 2023, fromCurrencyWalletBalanceAfterPaymentCompleted=null, liveRate=1 CHF = 4.19512 AED, settlementDate=07/09/2023, formatted_settlementDate=null, toCurrencyWalletBalanceAfterSettlementReceived=null, fromCurrencyWalletBalanceAfterSettlementReceived=null, totalSendAmount=AED 293.90, availableFromWalletBalance=AED 398.90, scheduledAt=05/09/2023, toCurrencyWalletBalanceAfterPaymentCompleted=CHF 841.00}, EXCHANGE={toAmount=70.00, fromAmount=AED 293.90, type=International Exchange, createdAt=Tuesday 5 September 2023, reference=AF-HB4U-8NRL, orderedAt=05/09/2023, orderSettledAt=05/09/2023, rejectedAt=-, completedAt=05/09/2023, totalFundsDue=AED 398.90, status=Ordered}, BUSINESS={recipientType=Business, toAmount=CHF 50.00, fromAmount=, recipientName=AUTO INTL CHF BUSINESS NAME, addressLineOne=AUTO INTL CHF BUSINESS ADDR ONE, addressLineTwo=AUTO INTL CHF BUSINESS ADDR TWO, city=AUTO INTL CHF BUSINESS ADDR CITY, province=AUTO INTL CHF BUSINESS PROVINCE, postalCode=01234, country=Switzerland, countryCode=CH, accountNumber=CH9300762011623852957, bicCode=CRESCHZZXXX, bankCode=null, thirdPartyReference=CHF1234TPR, documentNumber=CHFINV1234, purposeOfPayment=Travel, reference=AP-JIZP-AKQN, status=Completed, processingStatus=COMPLETED, resultStatus=PAID, scheduledAt=-, submittingAt=05/09/2023, pendingAt=05/09/2023, lastUpdatedAt=05/09/2023, completedAt=05/09/2023, declinedAt=-, declinedBy=-, declinedReason=-, providerStatusCode=200, providerStatusDescription=-, providerAmountPaid=CHF 50.00, providerFeePaid=-, providerTransactionId=-, providerDatePaid=05/09/2023, providerValueDate=-, providerPaymentValueDate=-}, INDIVIDUAL={recipientType=Individual, toAmount=CHF 20.00, fromAmount=, recipientName=AUTO INTL CHF INDIVIDUAL NAME, addressLineOne=AUTO INTL CHF INDV ADDR ONE, addressLineTwo=AUTO INTL CHF INDV ADDR TWO, city=AUTO INTL CHF INDV ADDR CITY, province=AUTO INTL CHF INDV PROVINCE, postalCode=567890, country=Switzerland, countryCode=CH, accountNumber=CH9300762011623852957, bicCode=CRESCHZZXXX, bankCode=null, thirdPartyReference=CHF-TPR-INDV-1010, documentNumber=CHF-INV-INDV-1010, purposeOfPayment=Education, reference=AP-EIY8-HDIQ, status=Completed, processingStatus=COMPLETED, resultStatus=PAID, scheduledAt=-, submittingAt=05/09/2023, pendingAt=05/09/2023, lastUpdatedAt=05/09/2023, completedAt=05/09/2023, declinedAt=-, declinedBy=-, declinedReason=-, providerStatusCode=200, providerStatusDescription=-, providerAmountPaid=CHF 20.00, providerFeePaid=-, providerTransactionId=-, providerDatePaid=05/09/2023, providerValueDate=-, providerPaymentValueDate=-}}
Before calculate:{COMMON={toCurrencyName=Swiss Franc, toCurrencyCode=CHF, fromCurrencyName=UAE Dirham, fromCurrencyCode=AED, toCurrencyWalletBalance=CHF 841.00, feePerPayment=AED 52.50, processingTime=1-2 business days, fromCurrencyWalletBalance=AED 450,529.96, noOfPayments=2, totalReceiveAmount=CHF 70.00, totalAmount=null, totalFees=AED 105.00, totalPayable=AED 398.90, balanceDue=CHF 0.00, expectedPaymentDate=07/09/2023, paymentMethod=SWIFT, provider=CAB, createdAt=Tuesday 5 September 2023, fromCurrencyWalletBalanceAfterPaymentCompleted=null, liveRate=1 CHF = 4.19512 AED, settlementDate=07/09/2023, formatted_settlementDate=null, toCurrencyWalletBalanceAfterSettlementReceived=null, fromCurrencyWalletBalanceAfterSettlementReceived=null, totalSendAmount=AED 293.90, availableFromWalletBalance=AED 398.90, scheduledAt=05/09/2023, toCurrencyWalletBalanceAfterPaymentCompleted=CHF 841.00}, EXCHANGE={toAmount=70.00, fromAmount=AED 293.90, type=International Exchange, createdAt=Tuesday 5 September 2023, reference=AF-HB4U-8NRL, orderedAt=05/09/2023, orderSettledAt=05/09/2023, rejectedAt=-, completedAt=05/09/2023, totalFundsDue=AED 398.90, status=Ordered}, BUSINESS={recipientType=Business, toAmount=CHF 50.00, fromAmount=, recipientName=AUTO INTL CHF BUSINESS NAME, addressLineOne=AUTO INTL CHF BUSINESS ADDR ONE, addressLineTwo=AUTO INTL CHF BUSINESS ADDR TWO, city=AUTO INTL CHF BUSINESS ADDR CITY, province=AUTO INTL CHF BUSINESS PROVINCE, postalCode=01234, country=Switzerland, countryCode=CH, accountNumber=CH9300762011623852957, bicCode=CRESCHZZXXX, bankCode=null, thirdPartyReference=CHF1234TPR, documentNumber=CHFINV1234, purposeOfPayment=Travel, reference=AP-JIZP-AKQN, status=Completed, processingStatus=COMPLETED, resultStatus=PAID, scheduledAt=-, submittingAt=05/09/2023, pendingAt=05/09/2023, lastUpdatedAt=05/09/2023, completedAt=05/09/2023, declinedAt=-, declinedBy=-, declinedReason=-, providerStatusCode=200, providerStatusDescription=-, providerAmountPaid=CHF 50.00, providerFeePaid=-, providerTransactionId=-, providerDatePaid=05/09/2023, providerValueDate=-, providerPaymentValueDate=-}, INDIVIDUAL={recipientType=Individual, toAmount=CHF 20.00, fromAmount=, recipientName=AUTO INTL CHF INDIVIDUAL NAME, addressLineOne=AUTO INTL CHF INDV ADDR ONE, addressLineTwo=AUTO INTL CHF INDV ADDR TWO, city=AUTO INTL CHF INDV ADDR CITY, province=AUTO INTL CHF INDV PROVINCE, postalCode=567890, country=Switzerland, countryCode=CH, accountNumber=CH9300762011623852957, bicCode=CRESCHZZXXX, bankCode=null, thirdPartyReference=CHF-TPR-INDV-1010, documentNumber=CHF-INV-INDV-1010, purposeOfPayment=Education, reference=AP-EIY8-HDIQ, status=Completed, processingStatus=COMPLETED, resultStatus=PAID, scheduledAt=-, submittingAt=05/09/2023, pendingAt=05/09/2023, lastUpdatedAt=05/09/2023, completedAt=05/09/2023, declinedAt=-, declinedBy=-, declinedReason=-, providerStatusCode=200, providerStatusDescription=-, providerAmountPaid=CHF 20.00, providerFeePaid=-, providerTransactionId=-, providerDatePaid=05/09/2023, providerValueDate=-, providerPaymentValueDate=-}}
No of Payments:2
[INFO] 05-09-2023 19:50:13 [LogUtils] - Verify element visible By.xpath: //div[contains(text(),'Rate:')]/following-sibling::div
[INFO] 05-09-2023 19:50:13 [LogUtils] - Verify element visible By.xpath: //div[contains(text(),'Rate:')]/following-sibling::div
[INFO] 05-09-2023 19:50:13 [LogUtils] - Verify element visible By.xpath: //div[contains(text(),' Rate:')]/following-sibling::div
[INFO] 05-09-2023 19:50:13 [LogUtils] - Verify element visible By.xpath: //div[contains(text(),' Rate:')]/following-sibling::div
After calculate:{COMMON={toCurrencyName=Swiss Franc, toCurrencyCode=CHF, fromCurrencyName=UAE Dirham, fromCurrencyCode=AED, toCurrencyWalletBalance=CHF 841.00, feePerPayment=AED 52.50, processingTime=1-2 business days, fromCurrencyWalletBalance=AED 450,529.96, noOfPayments=2, totalReceiveAmount=CHF 70.00, totalAmount=null, totalFees=AED 105.00, totalPayable=AED 398.72, balanceDue=CHF 0.00, expectedPaymentDate=07/09/2023, paymentMethod=SWIFT, provider=CAB, createdAt=Tuesday 5 September 2023, fromCurrencyWalletBalanceAfterPaymentCompleted=null, liveRate=1 CHF = 4.19594 AED, settlementDate=07/09/2023, formatted_settlementDate=null, toCurrencyWalletBalanceAfterSettlementReceived=null, fromCurrencyWalletBalanceAfterSettlementReceived=null, totalSendAmount=AED 293.72, availableFromWalletBalance=AED 398.72, scheduledAt=05/09/2023, toCurrencyWalletBalanceAfterPaymentCompleted=CHF 841.00}, EXCHANGE={toAmount=70.00, fromAmount=AED 293.90, type=International Exchange, createdAt=Tuesday 5 September 2023, reference=AF-HB4U-8NRL, orderedAt=05/09/2023, orderSettledAt=05/09/2023, rejectedAt=-, completedAt=05/09/2023, totalFundsDue=AED 398.90, status=Ordered}, BUSINESS={recipientType=Business, toAmount=CHF 50.00, fromAmount=, recipientName=AUTO INTL CHF BUSINESS NAME, addressLineOne=AUTO INTL CHF BUSINESS ADDR ONE, addressLineTwo=AUTO INTL CHF BUSINESS ADDR TWO, city=AUTO INTL CHF BUSINESS ADDR CITY, province=AUTO INTL CHF BUSINESS PROVINCE, postalCode=01234, country=Switzerland, countryCode=CH, accountNumber=CH9300762011623852957, bicCode=CRESCHZZXXX, bankCode=null, thirdPartyReference=CHF1234TPR, documentNumber=CHFINV1234, purposeOfPayment=Travel, reference=AP-JIZP-AKQN, status=Completed, processingStatus=COMPLETED, resultStatus=PAID, scheduledAt=-, submittingAt=05/09/2023, pendingAt=05/09/2023, lastUpdatedAt=05/09/2023, completedAt=05/09/2023, declinedAt=-, declinedBy=-, declinedReason=-, providerStatusCode=200, providerStatusDescription=-, providerAmountPaid=CHF 50.00, providerFeePaid=-, providerTransactionId=-, providerDatePaid=05/09/2023, providerValueDate=-, providerPaymentValueDate=-}, INDIVIDUAL={recipientType=Individual, toAmount=CHF 20.00, fromAmount=, recipientName=AUTO INTL CHF INDIVIDUAL NAME, addressLineOne=AUTO INTL CHF INDV ADDR ONE, addressLineTwo=AUTO INTL CHF INDV ADDR TWO, city=AUTO INTL CHF INDV ADDR CITY, province=AUTO INTL CHF INDV PROVINCE, postalCode=567890, country=Switzerland, countryCode=CH, accountNumber=CH9300762011623852957, bicCode=CRESCHZZXXX, bankCode=null, thirdPartyReference=CHF-TPR-INDV-1010, documentNumber=CHF-INV-INDV-1010, purposeOfPayment=Education, reference=AP-EIY8-HDIQ, status=Completed, processingStatus=COMPLETED, resultStatus=PAID, scheduledAt=-, submittingAt=05/09/2023, pendingAt=05/09/2023, lastUpdatedAt=05/09/2023, completedAt=05/09/2023, declinedAt=-, declinedBy=-, declinedReason=-, providerStatusCode=200, providerStatusDescription=-, providerAmountPaid=CHF 20.00, providerFeePaid=-, providerTransactionId=-, providerDatePaid=05/09/2023, providerValueDate=-, providerPaymentValueDate=-}}
  Then I calculate the payment details for the recipients added for "International payments"                          # anhtester.com.hubpay.corp.stepdefinitions.PaymentsPageStepDefinition.I_calculate_the_paymentdetails_for_the_recipients_added(java.lang.String)
[INFO] 05-09-2023 19:50:15 [LogUtils] - Verify element visible By.xpath: //div[contains(@class,'flex-col') and contains(@class,'items-start')]/span[@class='truncate']
[INFO] 05-09-2023 19:50:15 [LogUtils] - Verify element visible By.xpath: //div[contains(@class,'flex-col') and contains(@class,'items-start')]/span[@class='truncate']
[INFO] 05-09-2023 19:50:15 [LogUtils] - Verify element visible By.xpath: //div[contains(@class,'flex-col') and contains(@class,'items-start')]/span[@class='truncate']
[INFO] 05-09-2023 19:50:15 [LogUtils] - Verify element visible By.xpath: //div[contains(@class,'flex-col') and contains(@class,'items-start')]/span[2]
[INFO] 05-09-2023 19:50:15 [LogUtils] - Verify element visible By.xpath: //div[contains(@class,'flex-col') and contains(@class,'items-start')]/span[2]
[INFO] 05-09-2023 19:50:15 [LogUtils] - Verify element visible By.xpath: //div[contains(@class,'flex-col') and contains(@class,'items-start')]/span[2]
[INFO] 05-09-2023 19:50:15 [LogUtils] - Verify element visible By.xpath: //span[text()='Balance']/following-sibling::span
[INFO] 05-09-2023 19:50:15 [LogUtils] - Verify element visible By.xpath: //span[text()='Balance']/following-sibling::span
[INFO] 05-09-2023 19:50:15 [LogUtils] - Verify element visible By.xpath: //span[text()='Balance']/following-sibling::span
[INFO] 05-09-2023 19:50:15 [LogUtils] - Verify element visible By.xpath: //div[text()='Total payments:']/following-sibling::div
[INFO] 05-09-2023 19:50:15 [LogUtils] - Verify element visible By.xpath: //div[text()='Total payments:']/following-sibling::div
[INFO] 05-09-2023 19:50:15 [LogUtils] - Verify element visible By.xpath: //div[text()='Total payments:']/following-sibling::div
[INFO] 05-09-2023 19:50:15 [LogUtils] - Verify element visible By.xpath: //div[text()='Total payments:']/following-sibling::div
[INFO] 05-09-2023 19:50:15 [LogUtils] - Verify element visible By.xpath: //div[contains(text(),'Rate:')]/following-sibling::div
[INFO] 05-09-2023 19:50:15 [LogUtils] - Verify element visible By.xpath: //div[contains(text(),'Rate:')]/following-sibling::div
[INFO] 05-09-2023 19:50:15 [LogUtils] - Verify element visible By.xpath: //div[contains(text(),'Rate:')]/following-sibling::div
[INFO] 05-09-2023 19:50:15 [LogUtils] - Verify element visible By.xpath: //div[text()='Receivable amount (buy):']/following-sibling::div
[INFO] 05-09-2023 19:50:15 [LogUtils] - Verify element visible By.xpath: //div[text()='Receivable amount (buy):']/following-sibling::div
[INFO] 05-09-2023 19:50:15 [LogUtils] - Verify element visible By.xpath: //div[text()='Receivable amount (buy):']/following-sibling::div
[INFO] 05-09-2023 19:50:15 [LogUtils] - Verify element visible By.xpath: //div[contains(text(),'Payment fees (Incl. 5% VAT):')]/following-sibling::div
[INFO] 05-09-2023 19:50:15 [LogUtils] - Verify element visible By.xpath: //div[contains(text(),'Payment fees (Incl. 5% VAT):')]/following-sibling::div
[INFO] 05-09-2023 19:50:15 [LogUtils] - Verify element visible By.xpath: //div[contains(text(),'Payment fees (Incl. 5% VAT):')]/following-sibling::div
[INFO] 05-09-2023 19:50:15 [LogUtils] - Verify element visible By.xpath: //div[contains(text(),'Send amount (sell):')]/following-sibling::div
[INFO] 05-09-2023 19:50:15 [LogUtils] - Verify element visible By.xpath: //div[contains(text(),'Send amount (sell):')]/following-sibling::div
[INFO] 05-09-2023 19:50:15 [LogUtils] - Verify element visible By.xpath: //div[contains(text(),'Send amount (sell):')]/following-sibling::div
[INFO] 05-09-2023 19:50:15 [LogUtils] - Verify element visible By.xpath: //div[text()='Total payable:']/following-sibling::div
[INFO] 05-09-2023 19:50:16 [LogUtils] - Verify element visible By.xpath: //div[text()='Total payable:']/following-sibling::div
[INFO] 05-09-2023 19:50:16 [LogUtils] - Verify element visible By.xpath: //div[text()='Total payable:']/following-sibling::div
  Then I verify payment details under checkout section in Payments & Recipients step on "International Payments" page # anhtester.com.hubpay.corp.stepdefinitions.PaymentsPageStepDefinition.I_verify_paymentdetails_under_checkout_payments_recipients_step(java.lang.String)
[INFO] 05-09-2023 19:50:16 [LogUtils] - Verify element visible By.xpath: //button[contains(.,'Checkout')][contains(@class,'text-primary-foreground')]
[INFO] 05-09-2023 19:50:16 [LogUtils] - Verify element visible By.xpath: //button[contains(.,'Checkout')][contains(@class,'text-primary-foreground')]
[INFO] 05-09-2023 19:50:16 [LogUtils] - Clicked on the element By.xpath: //button[contains(.,'Checkout')][contains(@class,'text-primary-foreground')]
  When I click "Checkout" button on "Payments" page                                                                   # anhtester.com.hubpay.corp.stepdefinitions.ExchangePageStepDefinition.I_click_button_on_exchange_page(java.lang.String,java.lang.String)
{COMMON={toCurrencyName=Swiss Franc, toCurrencyCode=CHF, fromCurrencyName=UAE Dirham, fromCurrencyCode=AED, toCurrencyWalletBalance=CHF 841.00, feePerPayment=AED 52.50, processingTime=1-2 business days, fromCurrencyWalletBalance=AED 450,529.96, noOfPayments=2, totalReceiveAmount=CHF 70.00, totalAmount=null, totalFees=AED 105.00, totalPayable=AED 398.72, balanceDue=CHF 0.00, expectedPaymentDate=07/09/2023, paymentMethod=SWIFT, provider=CAB, createdAt=Tuesday 5 September 2023, fromCurrencyWalletBalanceAfterPaymentCompleted=null, liveRate=1 CHF = 4.19594 AED, settlementDate=07/09/2023, formatted_settlementDate=null, toCurrencyWalletBalanceAfterSettlementReceived=null, fromCurrencyWalletBalanceAfterSettlementReceived=null, totalSendAmount=AED 293.72, availableFromWalletBalance=AED 398.72, scheduledAt=05/09/2023, toCurrencyWalletBalanceAfterPaymentCompleted=CHF 841.00}, EXCHANGE={toAmount=70.00, fromAmount=AED 293.90, type=International Exchange, createdAt=Tuesday 5 September 2023, reference=AF-HB4U-8NRL, orderedAt=05/09/2023, orderSettledAt=05/09/2023, rejectedAt=-, completedAt=05/09/2023, totalFundsDue=AED 398.90, status=Ordered}, BUSINESS={recipientType=Business, toAmount=CHF 50.00, fromAmount=, recipientName=AUTO INTL CHF BUSINESS NAME, addressLineOne=AUTO INTL CHF BUSINESS ADDR ONE, addressLineTwo=AUTO INTL CHF BUSINESS ADDR TWO, city=AUTO INTL CHF BUSINESS ADDR CITY, province=AUTO INTL CHF BUSINESS PROVINCE, postalCode=01234, country=Switzerland, countryCode=CH, accountNumber=CH9300762011623852957, bicCode=CRESCHZZXXX, bankCode=null, thirdPartyReference=CHF1234TPR, documentNumber=CHFINV1234, purposeOfPayment=Travel, reference=AP-JIZP-AKQN, status=Completed, processingStatus=COMPLETED, resultStatus=PAID, scheduledAt=-, submittingAt=05/09/2023, pendingAt=05/09/2023, lastUpdatedAt=05/09/2023, completedAt=05/09/2023, declinedAt=-, declinedBy=-, declinedReason=-, providerStatusCode=200, providerStatusDescription=-, providerAmountPaid=CHF 50.00, providerFeePaid=-, providerTransactionId=-, providerDatePaid=05/09/2023, providerValueDate=-, providerPaymentValueDate=-}, INDIVIDUAL={recipientType=Individual, toAmount=CHF 20.00, fromAmount=, recipientName=AUTO INTL CHF INDIVIDUAL NAME, addressLineOne=AUTO INTL CHF INDV ADDR ONE, addressLineTwo=AUTO INTL CHF INDV ADDR TWO, city=AUTO INTL CHF INDV ADDR CITY, province=AUTO INTL CHF INDV PROVINCE, postalCode=567890, country=Switzerland, countryCode=CH, accountNumber=CH9300762011623852957, bicCode=CRESCHZZXXX, bankCode=null, thirdPartyReference=CHF-TPR-INDV-1010, documentNumber=CHF-INV-INDV-1010, purposeOfPayment=Education, reference=AP-EIY8-HDIQ, status=Completed, processingStatus=COMPLETED, resultStatus=PAID, scheduledAt=-, submittingAt=05/09/2023, pendingAt=05/09/2023, lastUpdatedAt=05/09/2023, completedAt=05/09/2023, declinedAt=-, declinedBy=-, declinedReason=-, providerStatusCode=200, providerStatusDescription=-, providerAmountPaid=CHF 20.00, providerFeePaid=-, providerTransactionId=-, providerDatePaid=05/09/2023, providerValueDate=-, providerPaymentValueDate=-}}
[INFO] 05-09-2023 19:50:16 [LogUtils] - Verify element visible By.xpath: //*[@data-icon='arrowRight']/following-sibling::span//div[contains(@class,'items-start')]
[INFO] 05-09-2023 19:50:16 [LogUtils] - Verify element visible By.xpath: //*[@data-icon='arrowRight']/following-sibling::span//div[contains(@class,'items-start')]
[INFO] 05-09-2023 19:50:16 [LogUtils] - Verify TRUE: true
[INFO] 05-09-2023 19:50:16 [LogUtils] - Verify element visible By.xpath: //*[@data-icon='arrowRight']/preceding-sibling::span//div[contains(@class,'items-start')]
[INFO] 05-09-2023 19:50:16 [LogUtils] - Verify element visible By.xpath: //*[@data-icon='arrowRight']/preceding-sibling::span//div[contains(@class,'items-start')]
[INFO] 05-09-2023 19:50:16 [LogUtils] - Verify TRUE: true
[INFO] 05-09-2023 19:50:16 [LogUtils] - Verify element visible By.xpath: //div[contains(.,'Processing time')][@class='flex items-center']/preceding-sibling::div
[INFO] 05-09-2023 19:50:16 [LogUtils] - Verify element visible By.xpath: //div[contains(.,'Processing time')][@class='flex items-center']/preceding-sibling::div
[INFO] 05-09-2023 19:50:16 [LogUtils] - Verify element visible By.xpath: //div[contains(.,'Processing time')][@class='flex items-center']/preceding-sibling::div
[INFO] 05-09-2023 19:50:16 [LogUtils] - Verify text of an element [Equals]: true
[INFO] 05-09-2023 19:50:16 [LogUtils] - Verify element visible By.xpath: //div[contains(.,'Processing time')][@class='flex items-center']/preceding-sibling::div
[INFO] 05-09-2023 19:50:16 [LogUtils] - Verify element visible By.xpath: //div[contains(.,'Processing time')][@class='flex items-center']/preceding-sibling::div
[INFO] 05-09-2023 19:50:16 [LogUtils] - Verify element visible By.xpath: //div[contains(.,'Processing time')][@class='flex items-center']/preceding-sibling::div
[INFO] 05-09-2023 19:50:16 [LogUtils] - Verify element visible By.xpath: //div[contains(.,'Processing time')][@class='flex items-center']/preceding-sibling::div
[INFO] 05-09-2023 19:50:16 [LogUtils] - Verify element visible By.xpath: //div[contains(.,'Processing time')][@class='flex items-center']/preceding-sibling::div
[INFO] 05-09-2023 19:50:16 [LogUtils] - Verify element visible By.xpath: //div[contains(.,'Processing time')][@class='flex items-center']/preceding-sibling::div
[INFO] 05-09-2023 19:50:16 [LogUtils] - Verify element visible By.xpath: //div[.='Balance due date']/preceding-sibling::div
[INFO] 05-09-2023 19:50:16 [LogUtils] - Verify element visible By.xpath: //div[.='Balance due date']/preceding-sibling::div
[INFO] 05-09-2023 19:50:16 [LogUtils] - Verify element visible By.xpath: //div[.='Balance due date']/preceding-sibling::div
[INFO] 05-09-2023 19:50:16 [LogUtils] - Verify text of an element [Equals]: true
[INFO] 05-09-2023 19:50:16 [LogUtils] - Verify element visible By.xpath: //div[.='Balance due date']/preceding-sibling::div
[INFO] 05-09-2023 19:50:16 [LogUtils] - Verify element visible By.xpath: //div[.='Balance due date']/preceding-sibling::div
[INFO] 05-09-2023 19:50:16 [LogUtils] - Verify element visible By.xpath: //div[.='Balance due date']/preceding-sibling::div
[INFO] 05-09-2023 19:50:16 [LogUtils] - Verify element visible By.xpath: //div[.='Balance due date']/preceding-sibling::div
[INFO] 05-09-2023 19:50:16 [LogUtils] - Verify element visible By.xpath: //div[.='Balance due date']/preceding-sibling::div
[INFO] 05-09-2023 19:50:16 [LogUtils] - Verify element visible By.xpath: //div[.='Balance due date']/preceding-sibling::div
[INFO] 05-09-2023 19:50:16 [LogUtils] - Verify element visible By.xpath: //button[@id='confirm']/following-sibling::label
[INFO] 05-09-2023 19:50:16 [LogUtils] - Verify element visible By.xpath: //button[@id='confirm']/following-sibling::label
[INFO] 05-09-2023 19:50:17 [LogUtils] - Verify element visible By.xpath: //button[@id='confirm']/following-sibling::label
[INFO] 05-09-2023 19:50:17 [LogUtils] - Verify text of an element [Contains]: true
[INFO] 05-09-2023 19:50:17 [LogUtils] - Verify element visible By.xpath: //button[@id='confirm']/following-sibling::label
[INFO] 05-09-2023 19:50:17 [LogUtils] - Verify element visible By.xpath: //button[@id='confirm']/following-sibling::label
[INFO] 05-09-2023 19:50:17 [LogUtils] - Verify element visible By.xpath: //button[@id='confirm']/following-sibling::label
[INFO] 05-09-2023 19:50:17 [LogUtils] - Verify element visible By.xpath: //button[@id='confirm']/following-sibling::label
[INFO] 05-09-2023 19:50:17 [LogUtils] - Verify element visible By.xpath: //button[@id='confirm']/following-sibling::label
[INFO] 05-09-2023 19:50:17 [LogUtils] - Verify text of an element [Contains]: true
[INFO] 05-09-2023 19:50:17 [LogUtils] - Verify element visible By.xpath: //button[@id='confirm']/following-sibling::label
[INFO] 05-09-2023 19:50:17 [LogUtils] - Verify element visible By.xpath: //button[@id='confirm']/following-sibling::label
[INFO] 05-09-2023 19:50:28 [LogUtils] - Verify element visible By.xpath: //button[contains(@class,'bg-primary text-primary-foreground')][text()='Refresh rate']
[INFO] 05-09-2023 19:50:28 [LogUtils] - Verify element visible By.xpath: //button[contains(@class,'bg-primary text-primary-foreground')][text()='Refresh rate']
[INFO] 05-09-2023 19:50:28 [LogUtils] - Clicked on the element By.xpath: //button[contains(@class,'bg-primary text-primary-foreground')][text()='Refresh rate']
[INFO] 05-09-2023 19:50:29 [LogUtils] - Verify element visible By.xpath: //div[contains(text(),'Rate:')]/following-sibling::div
[INFO] 05-09-2023 19:50:29 [LogUtils] - Verify element visible By.xpath: //div[contains(text(),'Rate:')]/following-sibling::div
[INFO] 05-09-2023 19:50:29 [LogUtils] - Verify element visible By.xpath: //div[contains(text(),' Rate:')]/following-sibling::div
[INFO] 05-09-2023 19:50:29 [LogUtils] - Verify element visible By.xpath: //div[contains(text(),' Rate:')]/following-sibling::div
[INFO] 05-09-2023 19:50:30 [LogUtils] - Verify element visible By.xpath: //div[contains(text(),'Rate:')]/following-sibling::div
[INFO] 05-09-2023 19:50:30 [LogUtils] - Verify element visible By.xpath: //div[contains(text(),'Rate:')]/following-sibling::div
[INFO] 05-09-2023 19:50:30 [LogUtils] - Verify element visible By.xpath: //div[contains(text(),'Rate:')]/following-sibling::div
[INFO] 05-09-2023 19:50:30 [LogUtils] - Verify element visible By.xpath: //div[text()='Receivable amount (buy):']/following-sibling::div
[INFO] 05-09-2023 19:50:31 [LogUtils] - Verify element visible By.xpath: //div[text()='Receivable amount (buy):']/following-sibling::div
[INFO] 05-09-2023 19:50:31 [LogUtils] - Verify element visible By.xpath: //div[text()='Receivable amount (buy):']/following-sibling::div
[INFO] 05-09-2023 19:50:31 [LogUtils] - Verify element visible By.xpath: //div[contains(text(),'Payment fees (Incl. 5% VAT):')]/following-sibling::div
[INFO] 05-09-2023 19:50:31 [LogUtils] - Verify element visible By.xpath: //div[contains(text(),'Payment fees (Incl. 5% VAT):')]/following-sibling::div
[INFO] 05-09-2023 19:50:31 [LogUtils] - Verify element visible By.xpath: //div[contains(text(),'Payment fees (Incl. 5% VAT):')]/following-sibling::div
[INFO] 05-09-2023 19:50:31 [LogUtils] - Verify element visible By.xpath: //div[contains(text(),'Send amount (sell):')]/following-sibling::div
[INFO] 05-09-2023 19:50:31 [LogUtils] - Verify element visible By.xpath: //div[contains(text(),'Send amount (sell):')]/following-sibling::div
[INFO] 05-09-2023 19:50:31 [LogUtils] - Verify element visible By.xpath: //div[contains(text(),'Send amount (sell):')]/following-sibling::div
[INFO] 05-09-2023 19:50:31 [LogUtils] - Verify element visible By.xpath: //div[text()='Total payable:']/following-sibling::div
[INFO] 05-09-2023 19:50:31 [LogUtils] - Verify element visible By.xpath: //div[text()='Total payable:']/following-sibling::div
[INFO] 05-09-2023 19:50:31 [LogUtils] - Verify element visible By.xpath: //div[text()='Total payable:']/following-sibling::div
[INFO] 05-09-2023 19:50:31 [LogUtils] - Verify element visible By.xpath: //div[text()='Available from Wallet balance:']/following-sibling::div
[INFO] 05-09-2023 19:50:31 [LogUtils] - Verify element visible By.xpath: //div[text()='Available from Wallet balance:']/following-sibling::div
[INFO] 05-09-2023 19:50:31 [LogUtils] - Verify element visible By.xpath: //div[text()='Available from Wallet balance:']/following-sibling::div
[INFO] 05-09-2023 19:50:31 [LogUtils] - Verify element visible By.xpath: //div[text()='Balance due:']/following-sibling::div
[INFO] 05-09-2023 19:50:31 [LogUtils] - Verify element visible By.xpath: //div[text()='Balance due:']/following-sibling::div
[INFO] 05-09-2023 19:50:31 [LogUtils] - Verify element visible By.xpath: //div[text()='Balance due:']/following-sibling::div
  Then I refresh rate and verify payment details in Review & confirm step for "International payments"                # anhtester.com.hubpay.corp.stepdefinitions.PaymentsPageStepDefinition.I_refresh_rate_and_verify_paymentdetails_in_review_confirm_payments_page(java.lang.String)
[INFO] 05-09-2023 19:50:31 [LogUtils] - Verify element visible By.xpath: //button[@id='confirm']
[INFO] 05-09-2023 19:50:31 [LogUtils] - Clicked on the element By.xpath: //button[@id='confirm']
  When I "check" consent checkbox on "International payments" page                                                    # anhtester.com.hubpay.corp.stepdefinitions.ExchangePageStepDefinition.I_consent_checkbox_exchange_page(java.lang.String,java.lang.String)
[INFO] 05-09-2023 19:50:31 [LogUtils] - Verify element visible By.xpath: //button[contains(.,'Confirm Payment')][contains(@class,'text-primary-foreground')]
[INFO] 05-09-2023 19:50:31 [LogUtils] - Verify element visible By.xpath: //button[contains(.,'Confirm Payment')][contains(@class,'text-primary-foreground')]
[INFO] 05-09-2023 19:50:31 [LogUtils] - Clicked on the element By.xpath: //button[contains(.,'Confirm Payment')][contains(@class,'text-primary-foreground')]
  When I click "Confirm Payment" button on "International Payments" page                                              # anhtester.com.hubpay.corp.stepdefinitions.ExchangePageStepDefinition.I_click_button_on_exchange_page(java.lang.String,java.lang.String)
{COMMON={toCurrencyName=Swiss Franc, toCurrencyCode=CHF, fromCurrencyName=UAE Dirham, fromCurrencyCode=AED, toCurrencyWalletBalance=CHF 841.00, feePerPayment=AED 52.50, processingTime=1-2 business days, fromCurrencyWalletBalance=AED 450,529.96, noOfPayments=2, totalReceiveAmount=CHF 70.00, totalAmount=null, totalFees=AED 105.00, totalPayable=AED 398.69, balanceDue=CHF 0.00, expectedPaymentDate=07/09/2023, paymentMethod=SWIFT, provider=CAB, createdAt=Tuesday 5 September 2023, fromCurrencyWalletBalanceAfterPaymentCompleted=null, liveRate=1 CHF = 4.19553 AED, settlementDate=07/09/2023, formatted_settlementDate=null, toCurrencyWalletBalanceAfterSettlementReceived=null, fromCurrencyWalletBalanceAfterSettlementReceived=null, totalSendAmount=AED 293.69, availableFromWalletBalance=AED 398.69, scheduledAt=05/09/2023, toCurrencyWalletBalanceAfterPaymentCompleted=CHF 841.00}, EXCHANGE={toAmount=70.00, fromAmount=AED 293.90, type=International Exchange, createdAt=Tuesday 5 September 2023, reference=AF-HB4U-8NRL, orderedAt=05/09/2023, orderSettledAt=05/09/2023, rejectedAt=-, completedAt=05/09/2023, totalFundsDue=AED 398.90, status=Ordered}, BUSINESS={recipientType=Business, toAmount=CHF 50.00, fromAmount=, recipientName=AUTO INTL CHF BUSINESS NAME, addressLineOne=AUTO INTL CHF BUSINESS ADDR ONE, addressLineTwo=AUTO INTL CHF BUSINESS ADDR TWO, city=AUTO INTL CHF BUSINESS ADDR CITY, province=AUTO INTL CHF BUSINESS PROVINCE, postalCode=01234, country=Switzerland, countryCode=CH, accountNumber=CH9300762011623852957, bicCode=CRESCHZZXXX, bankCode=null, thirdPartyReference=CHF1234TPR, documentNumber=CHFINV1234, purposeOfPayment=Travel, reference=AP-JIZP-AKQN, status=Completed, processingStatus=COMPLETED, resultStatus=PAID, scheduledAt=-, submittingAt=05/09/2023, pendingAt=05/09/2023, lastUpdatedAt=05/09/2023, completedAt=05/09/2023, declinedAt=-, declinedBy=-, declinedReason=-, providerStatusCode=200, providerStatusDescription=-, providerAmountPaid=CHF 50.00, providerFeePaid=-, providerTransactionId=-, providerDatePaid=05/09/2023, providerValueDate=-, providerPaymentValueDate=-}, INDIVIDUAL={recipientType=Individual, toAmount=CHF 20.00, fromAmount=, recipientName=AUTO INTL CHF INDIVIDUAL NAME, addressLineOne=AUTO INTL CHF INDV ADDR ONE, addressLineTwo=AUTO INTL CHF INDV ADDR TWO, city=AUTO INTL CHF INDV ADDR CITY, province=AUTO INTL CHF INDV PROVINCE, postalCode=567890, country=Switzerland, countryCode=CH, accountNumber=CH9300762011623852957, bicCode=CRESCHZZXXX, bankCode=null, thirdPartyReference=CHF-TPR-INDV-1010, documentNumber=CHF-INV-INDV-1010, purposeOfPayment=Education, reference=AP-EIY8-HDIQ, status=Completed, processingStatus=COMPLETED, resultStatus=PAID, scheduledAt=-, submittingAt=05/09/2023, pendingAt=05/09/2023, lastUpdatedAt=05/09/2023, completedAt=05/09/2023, declinedAt=-, declinedBy=-, declinedReason=-, providerStatusCode=200, providerStatusDescription=-, providerAmountPaid=CHF 20.00, providerFeePaid=-, providerTransactionId=-, providerDatePaid=05/09/2023, providerValueDate=-, providerPaymentValueDate=-}}
[INFO] 05-09-2023 19:50:36 [LogUtils] - Verify element visible By.xpath: //p[text()='Total amount (incl. fee)']/following-sibling::p
[INFO] 05-09-2023 19:50:36 [LogUtils] - Verify element visible By.xpath: //p[text()='Total amount (incl. fee)']/following-sibling::p
[INFO] 05-09-2023 19:50:36 [LogUtils] - Verify element visible By.xpath: //p[text()='Total amount (incl. fee)']/following-sibling::p
[INFO] 05-09-2023 19:50:36 [LogUtils] - Verify element visible By.xpath: //p[text()='Settlement due date']/following-sibling::p
[INFO] 05-09-2023 19:50:36 [LogUtils] - Verify element visible By.xpath: //p[text()='Settlement due date']/following-sibling::p
[INFO] 05-09-2023 19:50:36 [LogUtils] - Verify element visible By.xpath: //p[text()='Settlement due date']/following-sibling::p
[INFO] 05-09-2023 19:50:36 [LogUtils] - Verify element visible By.xpath: //p[text()='Settlement due date']/following-sibling::p
[INFO] 05-09-2023 19:50:36 [LogUtils] - Verify element visible By.xpath: //p[text()='Settlement due date']/following-sibling::p
[INFO] 05-09-2023 19:50:36 [LogUtils] - Verify element visible By.xpath: //p[text()='Settlement due date']/following-sibling::p
[INFO] 05-09-2023 19:50:36 [LogUtils] - Verify element visible By.xpath: //p[contains(text(),'Expected payment')][contains(text(),'date')]/following-sibling::p
[INFO] 05-09-2023 19:50:36 [LogUtils] - Verify element visible By.xpath: //p[contains(text(),'Expected payment')][contains(text(),'date')]/following-sibling::p
After submission and write to file:{COMMON={toCurrencyName=Swiss Franc, toCurrencyCode=CHF, fromCurrencyName=UAE Dirham, fromCurrencyCode=AED, toCurrencyWalletBalance=CHF 841.00, feePerPayment=AED 52.50, processingTime=1-2 business days, fromCurrencyWalletBalance=AED 450,529.96, noOfPayments=2, totalReceiveAmount=CHF 70.00, totalAmount=null, totalFees=AED 105.00, totalPayable=AED 398.69, balanceDue=CHF 0.00, expectedPaymentDate=07/09/2023, paymentMethod=SWIFT, provider=CAB, createdAt=Tuesday 5 September 2023, fromCurrencyWalletBalanceAfterPaymentCompleted=null, liveRate=1 CHF = 4.19553 AED, settlementDate=07/09/2023, formatted_settlementDate=null, toCurrencyWalletBalanceAfterSettlementReceived=null, fromCurrencyWalletBalanceAfterSettlementReceived=null, totalSendAmount=AED 293.69, availableFromWalletBalance=AED 398.69, scheduledAt=05/09/2023, toCurrencyWalletBalanceAfterPaymentCompleted=CHF 841.00}, EXCHANGE={toAmount=70.00, fromAmount=AED 293.90, type=International Exchange, createdAt=Tuesday 5 September 2023, reference=AF-HB4U-8NRL, orderedAt=05/09/2023, orderSettledAt=05/09/2023, rejectedAt=-, completedAt=05/09/2023, totalFundsDue=AED 398.90, status=Ordered}, BUSINESS={recipientType=Business, toAmount=CHF 50.00, fromAmount=, recipientName=AUTO INTL CHF BUSINESS NAME, addressLineOne=AUTO INTL CHF BUSINESS ADDR ONE, addressLineTwo=AUTO INTL CHF BUSINESS ADDR TWO, city=AUTO INTL CHF BUSINESS ADDR CITY, province=AUTO INTL CHF BUSINESS PROVINCE, postalCode=01234, country=Switzerland, countryCode=CH, accountNumber=CH9300762011623852957, bicCode=CRESCHZZXXX, bankCode=null, thirdPartyReference=CHF1234TPR, documentNumber=CHFINV1234, purposeOfPayment=Travel, reference=AP-JIZP-AKQN, status=Completed, processingStatus=COMPLETED, resultStatus=PAID, scheduledAt=-, submittingAt=05/09/2023, pendingAt=05/09/2023, lastUpdatedAt=05/09/2023, completedAt=05/09/2023, declinedAt=-, declinedBy=-, declinedReason=-, providerStatusCode=200, providerStatusDescription=-, providerAmountPaid=CHF 50.00, providerFeePaid=-, providerTransactionId=-, providerDatePaid=05/09/2023, providerValueDate=-, providerPaymentValueDate=-}, INDIVIDUAL={recipientType=Individual, toAmount=CHF 20.00, fromAmount=, recipientName=AUTO INTL CHF INDIVIDUAL NAME, addressLineOne=AUTO INTL CHF INDV ADDR ONE, addressLineTwo=AUTO INTL CHF INDV ADDR TWO, city=AUTO INTL CHF INDV ADDR CITY, province=AUTO INTL CHF INDV PROVINCE, postalCode=567890, country=Switzerland, countryCode=CH, accountNumber=CH9300762011623852957, bicCode=CRESCHZZXXX, bankCode=null, thirdPartyReference=CHF-TPR-INDV-1010, documentNumber=CHF-INV-INDV-1010, purposeOfPayment=Education, reference=AP-EIY8-HDIQ, status=Completed, processingStatus=COMPLETED, resultStatus=PAID, scheduledAt=-, submittingAt=05/09/2023, pendingAt=05/09/2023, lastUpdatedAt=05/09/2023, completedAt=05/09/2023, declinedAt=-, declinedBy=-, declinedReason=-, providerStatusCode=200, providerStatusDescription=-, providerAmountPaid=CHF 20.00, providerFeePaid=-, providerTransactionId=-, providerDatePaid=05/09/2023, providerValueDate=-, providerPaymentValueDate=-}}
[...]
    | SUBMIT SINGLE PAYMENT          |
    | SUBMIT FULL BATCH              |
    | DECLINE                        |
    | Force Refresh Payment Statuses |
  Given I'm Logged in to the Corp portal                                                                              # anhtester.com.common.CommonSteps.I_enter_credentials_on_CorpSuite_Login_Page()
  Then I verify Dashboard page is displayed                                                                           # anhtester.com.hubpay.corp.stepdefinitions.DashboardPageStepDefinition.I_verify_dashboard_page_is_displayed()
  Then I navigate to Transactions tab page                                                                            # anhtester.com.hubpay.corp.stepdefinitions.DashboardPageStepDefinition.I_navigate_to_transactions_page()
  Then I verify transaction status "Completed" in table and open transaction details view                             # anhtester.com.hubpay.corp.stepdefinitions.DashboardPageStepDefinition.I_verify_transactions_status_open_details_view(java.lang.String)
  Then I verify exchange transaction status is "Completed" on transaction details view                                # anhtester.com.hubpay.corp.stepdefinitions.DashboardPageStepDefinition.I_verify_transactions_status_on_details_view(java.lang.String)
  Then I verify details of exchange transaction on transaction details view                                           # anhtester.com.hubpay.corp.stepdefinitions.DashboardPageStepDefinition.I_verify_transactions_status_open_details_view()
  When I close the transaction details view                                                                           # anhtester.com.hubpay.corp.stepdefinitions.DashboardPageStepDefinition.I_close_the_exchange_transaction_details_view()
  Then I open transaction details view of payment for "BUSINESS"                                                      # anhtester.com.hubpay.corp.stepdefinitions.DashboardPageStepDefinition.I_verify_payment_status_open_details_view(java.lang.String)
  Then I verify payment status is "Completed" on transaction details view                                             # anhtester.com.hubpay.corp.stepdefinitions.DashboardPageStepDefinition.I_verify_paymentstatus_on_details_view(java.lang.String)
  Then I verify details of payment for "BUSINESS" on transaction details view                                         # anhtester.com.hubpay.corp.stepdefinitions.DashboardPageStepDefinition.I_verify_details_payment_details_view(java.lang.String)
  When I close the transaction details view                                                                           # anhtester.com.hubpay.corp.stepdefinitions.DashboardPageStepDefinition.I_close_the_exchange_transaction_details_view()
  Then I open transaction details view of payment for "INDIVIDUAL"                                                    # anhtester.com.hubpay.corp.stepdefinitions.DashboardPageStepDefinition.I_verify_payment_status_open_details_view(java.lang.String)
  Then I verify payment status is "Completed" on transaction details view                                             # anhtester.com.hubpay.corp.stepdefinitions.DashboardPageStepDefinition.I_verify_paymentstatus_on_details_view(java.lang.String)
  Then I verify details of payment for "INDIVIDUAL" on transaction details view                                       # anhtester.com.hubpay.corp.stepdefinitions.DashboardPageStepDefinition.I_verify_details_payment_details_view(java.lang.String)
  When I close the transaction details view                                                                           # anhtester.com.hubpay.corp.stepdefinitions.DashboardPageStepDefinition.I_close_the_exchange_transaction_details_view()
  Then I navigate to Wallets tab page                                                                                 # anhtester.com.hubpay.corp.stepdefinitions.DashboardPageStepDefinition.I_navigate_to_wallets_tab_page()
  Then I verify available funds for the "AED" corridor                                                                # anhtester.com.hubpay.corp.stepdefinitions.DashboardPageStepDefinition.I_verify_available_funds_for_corridor(java.lang.String)
  Then I verify available funds for the "SGD" corridor                                                                # anhtester.com.hubpay.corp.stepdefinitions.DashboardPageStepDefinition.I_verify_available_funds_for_corridor(java.lang.String)
  When I'm Sign out from the Corp portal                                                                              # anhtester.com.common.CommonSteps.I_signout_corp_portal()
[ERROR] 05-09-2023 19:54:23 [LifecycleNotifier] - Could not invoke listener method
org.openqa.selenium.NoSuchSessionException: Session ID is null. Using WebDriver after calling quit()?
Build info: version: '4.10.0', revision: 'c14d967899'
System info: os.name: 'Mac OS X', os.arch: 'aarch64', os.version: '12.6', java.version: '11.0.16'
Driver info: org.openqa.selenium.chrome.ChromeDriver
Command: [null, screenshot {}]
Capabilities {acceptInsecureCerts: false, browserName: chrome, browserVersion: 116.0.5845.140, chrome: {chromedriverVersion: 116.0.5845.96 (1a3918166880..., userDataDir: /var/folders/bz/l4ntdftn1jd...}, fedcm:accounts: true, goog:chromeOptions: {debuggerAddress: localhost:56830}, networkConnectionEnabled: false, pageLoadStrategy: normal, platformName: mac, proxy: Proxy(), se:cdp: ws://localhost:56830/devtoo..., se:cdpVersion: 116.0.5845.140, setWindowRect: true, strictFileInteractability: false, timeouts: {implicit: 0, pageLoad: 300000, script: 30000}, unhandledPromptBehavior: dismiss and notify, webauthn:extension:credBlob: true, webauthn:extension:largeBlob: true, webauthn:extension:minPinLength: true, webauthn:extension:prf: true, webauthn:virtualAuthenticators: true}
	at org.openqa.selenium.remote.HttpCommandExecutor.execute(HttpCommandExecutor.java:152) ~[selenium-remote-driver-4.10.0.jar:?]
	at org.openqa.selenium.remote.service.DriverCommandExecutor.invokeExecute(DriverCommandExecutor.java:196) ~[selenium-remote-driver-4.10.0.jar:?]
	at org.openqa.selenium.remote.service.DriverCommandExecutor.execute(DriverCommandExecutor.java:171) ~[selenium-remote-driver-4.10.0.jar:?]
	at org.openqa.selenium.remote.RemoteWebDriver.execute(RemoteWebDriver.java:531) ~[selenium-remote-driver-4.10.0.jar:?]
	at org.openqa.selenium.remote.RemoteWebDriver.execute(RemoteWebDriver.java:590) ~[selenium-remote-driver-4.10.0.jar:?]
	at org.openqa.selenium.remote.RemoteWebDriver.execute(RemoteWebDriver.java:594) ~[selenium-remote-driver-4.10.0.jar:?]
	at org.openqa.selenium.remote.RemoteWebDriver.getScreenshotAs(RemoteWebDriver.java:316) ~[selenium-remote-driver-4.10.0.jar:?]
	at jdk.internal.reflect.GeneratedMethodAccessor165.invoke(Unknown Source) ~[?:?]
	at jdk.internal.reflect.DelegatingMethodAccessorImpl.invoke(DelegatingMethodAccessorImpl.java:43) ~[?:?]
	at java.lang.reflect.Method.invoke(Method.java:566) ~[?:?]
	at org.openqa.selenium.support.ThreadGuard$WebDriverInvocationHandler.invokeUnderlying(ThreadGuard.java:99) ~[selenium-support-4.10.0.jar:?]
	at org.openqa.selenium.support.ThreadGuard$WebDriverInvocationHandler.invoke(ThreadGuard.java:91) ~[selenium-support-4.10.0.jar:?]
	at com.sun.proxy.$Proxy45.getScreenshotAs(Unknown Source) ~[?:?]
	at anhtester.com.listeners.AllureListener.beforeTestStop(AllureListener.java:43) ~[test-classes/:?]
	at io.qameta.allure.listener.LifecycleNotifier.lambda$runSafely$0(LifecycleNotifier.java:211) ~[allure-java-commons-2.22.1.jar:2.22.1]
	at java.util.ArrayList.forEach(ArrayList.java:1541) ~[?:?]
	at io.qameta.allure.listener.LifecycleNotifier.runSafely(LifecycleNotifier.java:209) ~[allure-java-commons-2.22.1.jar:2.22.1]
	at io.qameta.allure.listener.LifecycleNotifier.beforeTestStop(LifecycleNotifier.java:88) ~[allure-java-commons-2.22.1.jar:2.22.1]
	at io.qameta.allure.AllureLifecycle.stopTestCase(AllureLifecycle.java:420) ~[allure-java-commons-2.22.1.jar:2.22.1]
	at io.qameta.allure.cucumber7jvm.AllureCucumber7Jvm.handleTestCaseFinished(AllureCucumber7Jvm.java:197) ~[allure-cucumber7-jvm-2.22.1.jar:2.22.1]
	at io.cucumber.core.eventbus.AbstractEventPublisher.send(AbstractEventPublisher.java:51) ~[cucumber-core-7.12.1.jar:7.12.1]
	at io.cucumber.core.eventbus.AbstractEventBus.send(AbstractEventBus.java:12) ~[cucumber-core-7.12.1.jar:7.12.1]
	at io.cucumber.core.runtime.SynchronizedEventBus.send(SynchronizedEventBus.java:47) ~[cucumber-core-7.12.1.jar:7.12.1]
	at io.cucumber.core.runtime.ThreadLocalRunnerSupplier$LocalEventBus.send(ThreadLocalRunnerSupplier.java:62) ~[cucumber-core-7.12.1.jar:7.12.1]
	at io.cucumber.core.runner.TestCase.emitTestCaseFinished(TestCase.java:219) ~[cucumber-core-7.12.1.jar:7.12.1]
	at io.cucumber.core.runner.TestCase.run(TestCase.java:98) ~[cucumber-core-7.12.1.jar:7.12.1]
	at io.cucumber.core.runner.Runner.runPickle(Runner.java:75) ~[cucumber-core-7.12.1.jar:7.12.1]
	at io.cucumber.testng.TestNGCucumberRunner.lambda$runScenario$1(TestNGCucumberRunner.java:132) ~[cucumber-testng-7.12.1.jar:7.12.1]
	at io.cucumber.core.runtime.CucumberExecutionContext.lambda$runTestCase$5(CucumberExecutionContext.java:137) ~[cucumber-core-7.12.1.jar:7.12.1]
	at io.cucumber.core.runtime.RethrowingThrowableCollector.executeAndThrow(RethrowingThrowableCollector.java:23) ~[cucumber-core-7.12.1.jar:7.12.1]
	at io.cucumber.core.runtime.CucumberExecutionContext.runTestCase(CucumberExecutionContext.java:137) ~[cucumber-core-7.12.1.jar:7.12.1]
	at io.cucumber.testng.TestNGCucumberRunner.runScenario(TestNGCucumberRunner.java:129) ~[cucumber-testng-7.12.1.jar:7.12.1]
	at io.cucumber.testng.AbstractTestNGCucumberTests.runScenario(AbstractTestNGCucumberTests.java:35) ~[cucumber-testng-7.12.1.jar:7.12.1]
	at jdk.internal.reflect.NativeMethodAccessorImpl.invoke0(Native Method) ~[?:?]
	at jdk.internal.reflect.NativeMethodAccessorImpl.invoke(NativeMethodAccessorImpl.java:62) ~[?:?]
	at jdk.internal.reflect.DelegatingMethodAccessorImpl.invoke(DelegatingMethodAccessorImpl.java:43) ~[?:?]
	at java.lang.reflect.Method.invoke(Method.java:566) ~[?:?]
	at org.testng.internal.invokers.MethodInvocationHelper.invokeMethod(MethodInvocationHelper.java:139) ~[testng-7.8.0.jar:7.8.0]
	at org.testng.internal.invokers.TestInvoker.invokeMethod(TestInvoker.java:664) ~[testng-7.8.0.jar:7.8.0]
	at org.testng.internal.invokers.TestInvoker.invokeTestMethod(TestInvoker.java:227) ~[testng-7.8.0.jar:7.8.0]
	at org.testng.internal.invokers.MethodRunner.runInSequence(MethodRunner.java:50) ~[testng-7.8.0.jar:7.8.0]
	at org.testng.internal.invokers.TestInvoker$MethodInvocationAgent.invoke(TestInvoker.java:957) ~[testng-7.8.0.jar:7.8.0]
	at org.testng.internal.invokers.TestInvoker.invokeTestMethods(TestInvoker.java:200) ~[testng-7.8.0.jar:7.8.0]
	at org.testng.internal.invokers.TestMethodWorker.invokeTestMethods(TestMethodWorker.java:148) ~[testng-7.8.0.jar:7.8.0]
	at org.testng.internal.invokers.TestMethodWorker.run(TestMethodWorker.java:128) ~[testng-7.8.0.jar:7.8.0]
	at java.util.ArrayList.forEach(ArrayList.java:1541) [?:?]
	at org.testng.TestRunner.privateRun(TestRunner.java:848) [testng-7.8.0.jar:7.8.0]
	at org.testng.TestRunner.run(TestRunner.java:621) [testng-7.8.0.jar:7.8.0]
	at org.testng.SuiteRunner.runTest(SuiteRunner.java:443) [testng-7.8.0.jar:7.8.0]
	at org.testng.SuiteRunner.runSequentially(SuiteRunner.java:437) [testng-7.8.0.jar:7.8.0]
	at org.testng.SuiteRunner.privateRun(SuiteRunner.java:397) [testng-7.8.0.jar:7.8.0]
	at org.testng.SuiteRunner.run(SuiteRunner.java:336) [testng-7.8.0.jar:7.8.0]
	at org.testng.SuiteRunnerWorker.runSuite(SuiteRunnerWorker.java:52) [testng-7.8.0.jar:7.8.0]
	at org.testng.SuiteRunnerWorker.run(SuiteRunnerWorker.java:95) [testng-7.8.0.jar:7.8.0]
	at org.testng.TestNG.runSuitesSequentially(TestNG.java:1280) [testng-7.8.0.jar:7.8.0]
	at org.testng.TestNG.runSuitesLocally(TestNG.java:1200) [testng-7.8.0.jar:7.8.0]
	at org.testng.TestNG.runSuites(TestNG.java:1114) [testng-7.8.0.jar:7.8.0]
	at org.testng.TestNG.run(TestNG.java:1082) [testng-7.8.0.jar:7.8.0]
	at org.apache.maven.surefire.testng.TestNGExecutor.run(TestNGExecutor.java:308) [surefire-testng-3.1.2.jar:3.1.2]
	at org.apache.maven.surefire.testng.TestNGXmlTestSuite.execute(TestNGXmlTestSuite.java:71) [surefire-testng-3.1.2.jar:3.1.2]
	at org.apache.maven.surefire.testng.TestNGProvider.invoke(TestNGProvider.java:113) [surefire-testng-3.1.2.jar:3.1.2]
	at org.apache.maven.surefire.booter.ForkedBooter.runSuitesInProcess(ForkedBooter.java:385) [surefire-booter-3.1.2.jar:3.1.2]
	at org.apache.maven.surefire.booter.ForkedBooter.execute(ForkedBooter.java:162) [surefire-booter-3.1.2.jar:3.1.2]
	at org.apache.maven.surefire.booter.ForkedBooter.run(ForkedBooter.java:507) [surefire-booter-3.1.2.jar:3.1.2]
	at org.apache.maven.surefire.booter.ForkedBooter.main(ForkedBooter.java:495) [surefire-booter-3.1.2.jar:3.1.2]
[ERROR] 05-09-2023 19:54:23 [LifecycleNotifier] - Could not invoke listener method
org.openqa.selenium.NoSuchSessionException: Session ID is null. Using WebDriver after calling quit()?
Build info: version: '4.10.0', revision: 'c14d967899'
System info: os.name: 'Mac OS X', os.arch: 'aarch64', os.version: '12.6', java.version: '11.0.16'
Driver info: org.openqa.selenium.chrome.ChromeDriver
Command: [null, screenshot {}]
Capabilities {acceptInsecureCerts: false, browserName: chrome, browserVersion: 116.0.5845.140, chrome: {chromedriverVersion: 116.0.5845.96 (1a3918166880..., userDataDir: /var/folders/bz/l4ntdftn1jd...}, fedcm:accounts: true, goog:chromeOptions: {debuggerAddress: localhost:56830}, networkConnectionEnabled: false, pageLoadStrategy: normal, platformName: mac, proxy: Proxy(), se:cdp: ws://localhost:56830/devtoo..., se:cdpVersion: 116.0.5845.140, setWindowRect: true, strictFileInteractability: false, timeouts: {implicit: 0, pageLoad: 300000, script: 30000}, unhandledPromptBehavior: dismiss and notify, webauthn:extension:credBlob: true, webauthn:extension:largeBlob: true, webauthn:extension:minPinLength: true, webauthn:extension:prf: true, webauthn:virtualAuthenticators: true}
	at org.openqa.selenium.remote.HttpCommandExecutor.execute(HttpCommandExecutor.java:152) ~[selenium-remote-driver-4.10.0.jar:?]
	at org.openqa.selenium.remote.service.DriverCommandExecutor.invokeExecute(DriverCommandExecutor.java:196) ~[selenium-remote-driver-4.10.0.jar:?]
	at org.openqa.selenium.remote.service.DriverCommandExecutor.execute(DriverCommandExecutor.java:171) ~[selenium-remote-driver-4.10.0.jar:?]
	at org.openqa.selenium.remote.RemoteWebDriver.execute(RemoteWebDriver.java:531) ~[selenium-remote-driver-4.10.0.jar:?]
	at org.openqa.selenium.remote.RemoteWebDriver.execute(RemoteWebDriver.java:590) ~[selenium-remote-driver-4.10.0.jar:?]
	at org.openqa.selenium.remote.RemoteWebDriver.execute(RemoteWebDriver.java:594) ~[selenium-remote-driver-4.10.0.jar:?]
	at org.openqa.selenium.remote.RemoteWebDriver.getScreenshotAs(RemoteWebDriver.java:316) ~[selenium-remote-driver-4.10.0.jar:?]
	at jdk.internal.reflect.GeneratedMethodAccessor165.invoke(Unknown Source) ~[?:?]
	at jdk.internal.reflect.DelegatingMethodAccessorImpl.invoke(DelegatingMethodAccessorImpl.java:43) ~[?:?]
	at java.lang.reflect.Method.invoke(Method.java:566) ~[?:?]
	at org.openqa.selenium.support.ThreadGuard$WebDriverInvocationHandler.invokeUnderlying(ThreadGuard.java:99) ~[selenium-support-4.10.0.jar:?]
	at org.openqa.selenium.support.ThreadGuard$WebDriverInvocationHandler.invoke(ThreadGuard.java:91) ~[selenium-support-4.10.0.jar:?]
	at com.sun.proxy.$Proxy45.getScreenshotAs(Unknown Source) ~[?:?]
	at anhtester.com.listeners.AllureListener.beforeTestStop(AllureListener.java:43) ~[test-classes/:?]
	at io.qameta.allure.listener.LifecycleNotifier.lambda$runSafely$0(LifecycleNotifier.java:211) ~[allure-java-commons-2.22.1.jar:2.22.1]
	at java.util.ArrayList.forEach(ArrayList.java:1541) ~[?:?]
	at io.qameta.allure.listener.LifecycleNotifier.runSafely(LifecycleNotifier.java:209) ~[allure-java-commons-2.22.1.jar:2.22.1]
	at io.qameta.allure.listener.LifecycleNotifier.beforeTestStop(LifecycleNotifier.java:88) ~[allure-java-commons-2.22.1.jar:2.22.1]
	at io.qameta.allure.AllureLifecycle.stopTestCase(AllureLifecycle.java:420) ~[allure-java-commons-2.22.1.jar:2.22.1]
	at io.qameta.allure.testng.AllureTestNg.stopTestCase(AllureTestNg.java:376) ~[allure-testng-2.22.1.jar:2.22.1]
	at io.qameta.allure.testng.AllureTestNg.onTestFailure(AllureTestNg.java:370) ~[allure-testng-2.22.1.jar:2.22.1]
	at org.testng.internal.TestListenerHelper.runTestListeners(TestListenerHelper.java:108) ~[testng-7.8.0.jar:7.8.0]
	at org.testng.internal.invokers.TestInvoker.runTestResultListener(TestInvoker.java:262) ~[testng-7.8.0.jar:7.8.0]
	at org.testng.internal.invokers.TestInvoker.invokeMethod(TestInvoker.java:751) ~[testng-7.8.0.jar:7.8.0]
	at org.testng.internal.invokers.TestInvoker.invokeTestMethod(TestInvoker.java:227) ~[testng-7.8.0.jar:7.8.0]
	at org.testng.internal.invokers.MethodRunner.runInSequence(MethodRunner.java:50) ~[testng-7.8.0.jar:7.8.0]
	at org.testng.internal.invokers.TestInvoker$MethodInvocationAgent.invoke(TestInvoker.java:957) ~[testng-7.8.0.jar:7.8.0]
	at org.testng.internal.invokers.TestInvoker.invokeTestMethods(TestInvoker.java:200) ~[testng-7.8.0.jar:7.8.0]
	at org.testng.internal.invokers.TestMethodWorker.invokeTestMethods(TestMethodWorker.java:148) ~[testng-7.8.0.jar:7.8.0]
	at org.testng.internal.invokers.TestMethodWorker.run(TestMethodWorker.java:128) ~[testng-7.8.0.jar:7.8.0]
	at java.util.ArrayList.forEach(ArrayList.java:1541) [?:?]
	at org.testng.TestRunner.privateRun(TestRunner.java:848) [testng-7.8.0.jar:7.8.0]
	at org.testng.TestRunner.run(TestRunner.java:621) [testng-7.8.0.jar:7.8.0]
	at org.testng.SuiteRunner.runTest(SuiteRunner.java:443) [testng-7.8.0.jar:7.8.0]
	at org.testng.SuiteRunner.runSequentially(SuiteRunner.java:437) [testng-7.8.0.jar:7.8.0]
	at org.testng.SuiteRunner.privateRun(SuiteRunner.java:397) [testng-7.8.0.jar:7.8.0]
	at org.testng.SuiteRunner.run(SuiteRunner.java:336) [testng-7.8.0.jar:7.8.0]
	at org.testng.SuiteRunnerWorker.runSuite(SuiteRunnerWorker.java:52) [testng-7.8.0.jar:7.8.0]
	at org.testng.SuiteRunnerWorker.run(SuiteRunnerWorker.java:95) [testng-7.8.0.jar:7.8.0]
	at org.testng.TestNG.runSuitesSequentially(TestNG.java:1280) [testng-7.8.0.jar:7.8.0]
	at org.testng.TestNG.runSuitesLocally(TestNG.java:1200) [testng-7.8.0.jar:7.8.0]
	at org.testng.TestNG.runSuites(TestNG.java:1114) [testng-7.8.0.jar:7.8.0]
	at org.testng.TestNG.run(TestNG.java:1082) [testng-7.8.0.jar:7.8.0]
	at org.apache.maven.surefire.testng.TestNGExecutor.run(TestNGExecutor.java:308) [surefire-testng-3.1.2.jar:3.1.2]
	at org.apache.maven.surefire.testng.TestNGXmlTestSuite.execute(TestNGXmlTestSuite.java:71) [surefire-testng-3.1.2.jar:3.1.2]
	at org.apache.maven.surefire.testng.TestNGProvider.invoke(TestNGProvider.java:113) [surefire-testng-3.1.2.jar:3.1.2]
	at org.apache.maven.surefire.booter.ForkedBooter.runSuitesInProcess(ForkedBooter.java:385) [surefire-booter-3.1.2.jar:3.1.2]
	at org.apache.maven.surefire.booter.ForkedBooter.execute(ForkedBooter.java:162) [surefire-booter-3.1.2.jar:3.1.2]
	at org.apache.maven.surefire.booter.ForkedBooter.run(ForkedBooter.java:507) [surefire-booter-3.1.2.jar:3.1.2]
	at org.apache.maven.surefire.booter.ForkedBooter.main(ForkedBooter.java:495) [surefire-booter-3.1.2.jar:3.1.2]
]]></system-out>
    <system-err><![CDATA[Sep 05, 2023 7:53:58 PM org.openqa.selenium.remote.service.DriverService$Builder getLogOutput
INFO: Driver logs no longer sent to console by default; https://www.selenium.dev/documentation/webdriver/drivers/service/#setting-log-output
Sep 05, 2023 7:53:59 PM org.openqa.selenium.devtools.CdpVersionFinder findNearestMatch
WARNING: Unable to find an exact match for CDP version 116, so returning the closest version found: 114
]]></system-err>
  </testcase>
</testsuite>